\BOOKMARK [0][-]{chapter.1}{\376\377\000I\000n\000t\000r\000o\000d\000u\000c\000t\000i\000o\000n}{}% 1
\BOOKMARK [1][-]{section.1.1}{\376\377\000W\000h\000y\000\040\000a\000\040\000h\000a\000n\000d\000b\000o\000o\000k\000?}{chapter.1}% 2
\BOOKMARK [1][-]{section.1.2}{\376\377\000H\000o\000w\000\040\000t\000o\000\040\000u\000s\000e\000\040\000t\000h\000i\000s\000\040\000h\000a\000n\000d\000b\000o\000o\000k}{chapter.1}% 3
\BOOKMARK [0][-]{chapter.2}{\376\377\000S\000t\000u\000d\000y\000\040\000g\000u\000i\000d\000e}{}% 4
\BOOKMARK [1][-]{section.2.1}{\376\377\000A\000i\000m\000s\000\040\000a\000n\000d\000\040\000o\000b\000j\000e\000c\000t\000i\000v\000e\000s}{chapter.2}% 5
\BOOKMARK [1][-]{section.2.2}{\376\377\000M\000o\000d\000u\000l\000e\000\040\000s\000t\000r\000u\000c\000t\000u\000r\000e}{chapter.2}% 6
\BOOKMARK [1][-]{section.2.3}{\376\377\000A\000s\000s\000e\000s\000s\000m\000e\000n\000t}{chapter.2}% 7
\BOOKMARK [1][-]{section.2.4}{\376\377\000M\000i\000t\000i\000g\000a\000t\000i\000n\000g\000\040\000c\000i\000r\000c\000u\000m\000s\000t\000a\000n\000c\000e\000s}{chapter.2}% 8
\BOOKMARK [1][-]{section.2.5}{\376\377\000R\000e\000a\000s\000s\000e\000s\000s\000m\000e\000n\000t\000:\000\040\000r\000e\000s\000i\000t\000s\000\040\000a\000n\000d\000\040\000r\000e\000p\000l\000a\000c\000e\000m\000e\000n\000t\000s}{chapter.2}% 9
\BOOKMARK [1][-]{section.2.6}{\376\377\000P\000o\000l\000i\000c\000y\000\040\000o\000n\000\040\000g\000e\000n\000e\000r\000a\000t\000i\000v\000e\000\040\000A\000I}{chapter.2}% 10
\BOOKMARK [1][-]{section.2.7}{\376\377\000W\000o\000r\000k\000l\000o\000a\000d}{chapter.2}% 11
\BOOKMARK [1][-]{section.2.8}{\376\377\000S\000c\000h\000e\000d\000u\000l\000e}{chapter.2}% 12
\BOOKMARK [0][-]{chapter.3}{\376\377\000T\000o\000o\000l\000s}{}% 13
\BOOKMARK [1][-]{section.3.1}{\376\377\000O\000v\000e\000r\000i\000e\000w}{chapter.3}% 14
\BOOKMARK [1][-]{section.3.2}{\376\377\000U\000N\000I\000X\000\040\000C\000L\000I}{chapter.3}% 15
\BOOKMARK [1][-]{section.3.3}{\376\377\000C\000o\000d\000e\000\040\000e\000d\000i\000t\000o\000r}{chapter.3}% 16
\BOOKMARK [1][-]{section.3.4}{\376\377\000P\000y\000t\000h\000o\000n}{chapter.3}% 17
\BOOKMARK [1][-]{section.3.5}{\376\377\000V\000e\000r\000s\000i\000o\000n\000\040\000c\000o\000n\000t\000r\000o\000l}{chapter.3}% 18
\BOOKMARK [1][-]{section.3.6}{\376\377\000T\000e\000a\000m\000\040\000F\000e\000e\000d\000b\000a\000c\000k}{chapter.3}% 19
\BOOKMARK [1][-]{section.3.7}{\376\377\000O\000v\000e\000r\000l\000e\000a\000f}{chapter.3}% 20
\BOOKMARK [1][-]{section.3.8}{\376\377\000G\000e\000n\000e\000r\000i\000c\000\040\000p\000r\000o\000d\000u\000c\000t\000i\000v\000i\000t\000y\000\040\000t\000o\000o\000l\000s}{chapter.3}% 21
\BOOKMARK [0][-]{chapter.4}{\376\377\000G\000e\000n\000e\000r\000a\000l\000\040\000e\000x\000p\000e\000c\000t\000a\000t\000i\000o\000n\000s}{}% 22
\BOOKMARK [1][-]{section.4.1}{\376\377\000F\000i\000r\000s\000t\000\040\000w\000e\000e\000k\000\040\000o\000f\000\040\000t\000e\000a\000c\000h\000i\000n\000g}{chapter.4}% 23
\BOOKMARK [1][-]{section.4.2}{\376\377\000I\000n\000d\000e\000p\000e\000n\000d\000e\000n\000t\000\040\000s\000t\000u\000d\000y}{chapter.4}% 24
\BOOKMARK [1][-]{section.4.3}{\376\377\000T\000u\000t\000o\000r\000i\000a\000l\000s}{chapter.4}% 25
\BOOKMARK [1][-]{section.4.4}{\376\377\000W\000o\000r\000k\000i\000n\000g\000\040\000i\000n\000\040\000g\000r\000o\000u\000p\000s}{chapter.4}% 26
\BOOKMARK [1][-]{section.4.5}{\376\377\000F\000e\000e\000d\000b\000a\000c\000k\000\040\000a\000n\000d\000\040\000p\000e\000e\000r\000\040\000a\000s\000s\000e\000s\000s\000m\000e\000n\000t\000s}{chapter.4}% 27
\BOOKMARK [0][-]{chapter.5}{\376\377\000P\000r\000o\000j\000e\000c\000t\000\040\000m\000a\000n\000a\000g\000e\000m\000e\000n\000t}{}% 28
\BOOKMARK [1][-]{section.5.1}{\376\377\000I\000n\000t\000r\000o\000d\000u\000c\000t\000i\000o\000n}{chapter.5}% 29
\BOOKMARK [1][-]{section.5.2}{\376\377\000W\000h\000a\000t\000\040\000m\000a\000k\000e\000s\000\040\000p\000r\000o\000j\000e\000c\000t\000\040\000m\000a\000n\000a\000g\000e\000m\000e\000n\000t\000\040\000d\000i\000f\000f\000i\000c\000u\000l\000t\000?}{chapter.5}% 30
\BOOKMARK [1][-]{section.5.3}{\376\377\000L\000e\000a\000d\000e\000r\000s\000h\000i\000p}{chapter.5}% 31
\BOOKMARK [1][-]{section.5.4}{\376\377\000P\000r\000o\000j\000e\000c\000t\000\040\000l\000i\000f\000e\000c\000y\000c\000l\000e}{chapter.5}% 32
\BOOKMARK [1][-]{section.5.5}{\376\377\000C\000o\000m\000m\000u\000n\000i\000c\000a\000t\000i\000o\000n}{chapter.5}% 33
\BOOKMARK [1][-]{section.5.6}{\376\377\000W\000a\000s\000t\000e}{chapter.5}% 34
\BOOKMARK [0][-]{chapter.6}{\376\377\000S\000o\000f\000t\000w\000a\000r\000e\000\040\000q\000u\000a\000l\000i\000t\000y\000\040\000a\000s\000s\000u\000r\000a\000n\000c\000e}{}% 35
\BOOKMARK [1][-]{section.6.1}{\376\377\000C\000l\000e\000a\000n\000\040\000c\000o\000d\000e}{chapter.6}% 36
\BOOKMARK [1][-]{section.6.2}{\376\377\000P\000r\000i\000n\000c\000i\000p\000l\000e\000s\000\040\000o\000f\000\040\000g\000o\000o\000d\000\040\000d\000e\000s\000i\000g\000n}{chapter.6}% 37
\BOOKMARK [1][-]{section.6.3}{\376\377\000S\000o\000f\000t\000w\000a\000r\000e\000\040\000t\000e\000s\000t\000i\000n\000g}{chapter.6}% 38
\BOOKMARK [0][-]{chapter.7}{\376\377\000S\000m\000a\000l\000l\000\040\000g\000r\000o\000u\000p\000\040\000p\000r\000o\000j\000e\000c\000t}{}% 39
\BOOKMARK [1][-]{section.7.1}{\376\377\000G\000r\000o\000u\000p\000\040\000a\000l\000l\000o\000c\000a\000t\000i\000o\000n}{chapter.7}% 40
\BOOKMARK [1][-]{section.7.2}{\376\377\000P\000r\000e\000r\000e\000q\000u\000i\000s\000i\000t\000e\000s\000\040\000t\000o\000\040\000p\000a\000r\000t\000i\000c\000i\000p\000a\000t\000e}{chapter.7}% 41
\BOOKMARK [1][-]{section.7.3}{\376\377\000P\000r\000o\000j\000e\000c\000t\000\040\000s\000c\000h\000e\000d\000u\000l\000e\000s}{chapter.7}% 42
\BOOKMARK [1][-]{section.7.4}{\376\377\000A\000s\000s\000i\000g\000n\000m\000e\000n\000t}{chapter.7}% 43
\BOOKMARK [1][-]{section.7.5}{\376\377\000T\000e\000c\000h\000n\000o\000l\000o\000g\000y\000\040\000a\000n\000d\000\040\000t\000o\000o\000l\000s}{chapter.7}% 44
\BOOKMARK [1][-]{section.7.6}{\376\377\000P\000r\000o\000j\000e\000c\000t\000\040\000m\000a\000n\000a\000g\000e\000m\000e\000n\000t\000\040\000a\000p\000p\000r\000o\000a\000c\000h}{chapter.7}% 45
\BOOKMARK [1][-]{section.7.7}{\376\377\000D\000e\000l\000i\000v\000e\000r\000a\000b\000l\000e\000s}{chapter.7}% 46
\BOOKMARK [1][-]{section.7.8}{\376\377\000A\000s\000s\000e\000s\000s\000m\000e\000n\000t}{chapter.7}% 47
\BOOKMARK [0][-]{chapter.8}{\376\377\000M\000a\000j\000o\000r\000\040\000g\000r\000o\000u\000p\000\040\000p\000r\000o\000j\000e\000c\000t}{}% 48
\BOOKMARK [1][-]{section.8.1}{\376\377\000G\000r\000o\000u\000p\000\040\000a\000l\000l\000o\000c\000a\000t\000i\000o\000n}{chapter.8}% 49
\BOOKMARK [1][-]{section.8.2}{\376\377\000A\000s\000s\000i\000g\000n\000m\000e\000n\000t}{chapter.8}% 50
\BOOKMARK [1][-]{section.8.3}{\376\377\000T\000e\000c\000h\000n\000o\000l\000o\000g\000y\000\040\000c\000o\000n\000s\000t\000r\000a\000i\000n\000t\000s}{chapter.8}% 51
\BOOKMARK [1][-]{section.8.4}{\376\377\000P\000r\000o\000j\000e\000c\000t\000\040\000m\000a\000n\000a\000g\000e\000m\000e\000n\000t\000\040\000a\000p\000p\000r\000o\000a\000c\000h}{chapter.8}% 52
\BOOKMARK [1][-]{section.8.5}{\376\377\000D\000e\000l\000i\000v\000e\000r\000a\000b\000l\000e\000s}{chapter.8}% 53
\BOOKMARK [1][-]{section.8.6}{\376\377\000A\000s\000s\000e\000s\000s\000m\000e\000n\000t}{chapter.8}% 54
\BOOKMARK [0][-]{appendix.A}{\376\377\000T\000e\000a\000m\000\040\000c\000h\000a\000r\000t\000e\000r\000\040\000c\000h\000e\000c\000k\000l\000i\000s\000t}{}% 55
\BOOKMARK [0][-]{appendix.B}{\376\377\000C\000o\000d\000e\000\040\000i\000n\000s\000p\000e\000c\000t\000i\000o\000n\000\040\000c\000h\000e\000c\000k\000l\000i\000s\000t}{}% 56
\BOOKMARK [0][-]{appendix.C}{\376\377\000U\000N\000I\000X\000\040\000C\000o\000m\000m\000a\000n\000d\000\040\000L\000i\000n\000e\000\040\000Q\000u\000i\000c\000k\000\040\000R\000e\000f\000e\000r\000e\000n\000c\000e}{}% 57
\BOOKMARK [1][-]{section.C.1}{\376\377\000F\000i\000l\000e\000s\000\040\000a\000n\000d\000\040\000D\000i\000r\000e\000c\000t\000o\000r\000i\000e\000s}{appendix.C}% 58
\BOOKMARK [1][-]{section.C.2}{\376\377\000M\000a\000n\000a\000g\000i\000n\000g\000\040\000A\000c\000c\000e\000s\000s\000\040\000R\000i\000g\000h\000t\000s}{appendix.C}% 59
\BOOKMARK [1][-]{section.C.3}{\376\377\000M\000a\000n\000a\000g\000i\000n\000g\000\040\000P\000r\000o\000c\000e\000s\000s\000e\000s}{appendix.C}% 60
\BOOKMARK [1][-]{section.C.4}{\376\377\000S\000e\000a\000r\000c\000h\000i\000n\000g\000\040\000w\000i\000t\000h\000\040\000g\000r\000e\000p}{appendix.C}% 61
\BOOKMARK [1][-]{section.C.5}{\376\377\000R\000e\000d\000i\000r\000e\000c\000t\000i\000o\000n\000\040\000a\000n\000d\000\040\000P\000i\000p\000e\000s}{appendix.C}% 62
\BOOKMARK [0][-]{appendix.D}{\376\377\000G\000i\000t\000\040\000C\000o\000m\000m\000a\000n\000d\000\040\000Q\000u\000i\000c\000k\000\040\000R\000e\000f\000e\000r\000e\000n\000c\000e}{}% 63
\BOOKMARK [1][-]{section.D.1}{\376\377\000R\000e\000p\000o\000s\000i\000t\000o\000r\000y\000\040\000S\000e\000t\000u\000p}{appendix.D}% 64
\BOOKMARK [1][-]{section.D.2}{\376\377\000I\000n\000s\000p\000e\000c\000t\000i\000n\000g\000\040\000S\000t\000a\000t\000e}{appendix.D}% 65
\BOOKMARK [1][-]{section.D.3}{\376\377\000S\000t\000a\000g\000i\000n\000g\000\040\000a\000n\000d\000\040\000C\000o\000m\000m\000i\000t\000t\000i\000n\000g}{appendix.D}% 66
\BOOKMARK [1][-]{section.D.4}{\376\377\000B\000r\000a\000n\000c\000h\000e\000s}{appendix.D}% 67
\BOOKMARK [1][-]{section.D.5}{\376\377\000W\000o\000r\000k\000i\000n\000g\000\040\000w\000i\000t\000h\000\040\000R\000e\000m\000o\000t\000e\000s}{appendix.D}% 68
\BOOKMARK [0][-]{appendix*.88}{\376\377\000B\000i\000b\000l\000i\000o\000g\000r\000a\000p\000h\000y}{}% 69
\BOOKMARK [0][-]{appendix*.89}{\376\377\000F\000r\000e\000q\000u\000e\000n\000t\000l\000y\000\040\000a\000s\000k\000e\000d\000\040\000q\000u\000e\000s\000t\000i\000o\000n\000s}{}% 70
\BOOKMARK [0][-]{appendix*.90}{\376\377\000L\000i\000s\000t\000\040\000o\000f\000\040\000a\000c\000r\000o\000n\000y\000m\000s}{}% 71
