This is pdfTeX, Version 3.141592653-2.6-1.40.27 (TeX Live 2025) (preloaded format=pdflatex 2025.8.1)  23 SEP 2025 00:52
entering extended mode
 restricted \write18 enabled.
 file:line:error style messages enabled.
 %&-line parsing enabled.
**handbook.tex
(./handbook.tex
LaTeX2e <2024-11-01> patch level 2
L3 programming layer <2025-01-18>
(./tufte-book.cls
Document Class: tufte-book 2015/06/30 v3.5.3 Tufte-book class
(/usr/local/texlive/2025/texmf-dist/tex/latex/tufte-latex/tufte-common.def
File: tufte-common.def 2015/06/21 v3.5.2 Common code for the Tufte-LaTeX styles


(/usr/local/texlive/2025/texmf-dist/tex/latex/xkeyval/xkeyval.sty
Package: xkeyval 2022/06/16 v2.9 package option processing (HA)

(/usr/local/texlive/2025/texmf-dist/tex/generic/xkeyval/xkeyval.tex
(/usr/local/texlive/2025/texmf-dist/tex/generic/xkeyval/xkvutils.tex
\XKV@toks=\toks17
\XKV@tempa@toks=\toks18

(/usr/local/texlive/2025/texmf-dist/tex/generic/xkeyval/keyval.tex))
\XKV@depth=\count196
File: xkeyval.tex 2014/12/03 v2.7a key=value parser (HA)
))
(/usr/local/texlive/2025/texmf-dist/tex/latex/xifthen/xifthen.sty
Package: xifthen 2015/11/05 v1.4.0 Extended ifthen features

(/usr/local/texlive/2025/texmf-dist/tex/latex/tools/calc.sty
Package: calc 2023/07/08 v4.3 Infix arithmetic (KKT,FJ)
\calc@Acount=\count197
\calc@Bcount=\count198
\calc@Adimen=\dimen141
\calc@Bdimen=\dimen142
\calc@Askip=\skip49
\calc@Bskip=\skip50
LaTeX Info: Redefining \setlength on input line 80.
LaTeX Info: Redefining \addtolength on input line 81.
\calc@Ccount=\count199
\calc@Cskip=\skip51
)
(/usr/local/texlive/2025/texmf-dist/tex/latex/base/ifthen.sty
Package: ifthen 2024/03/16 v1.1e Standard LaTeX ifthen package (DPC)
)
(/usr/local/texlive/2025/texmf-dist/tex/latex/ifmtarg/ifmtarg.sty
Package: ifmtarg 2018/04/16 v1.2b check for an empty argument
))
(/usr/local/texlive/2025/texmf-dist/tex/latex/hardwrap/hardwrap.sty
Package: hardwrap 2011/02/12 v0.2 Hard wrap messages

(/usr/local/texlive/2025/texmf-dist/tex/latex/ifplatform/ifplatform.sty
Package: ifplatform 2017/10/13 v0.4a Testing for the operating system

(/usr/local/texlive/2025/texmf-dist/tex/latex/tools/shellesc.sty
Package: shellesc 2023/07/08 v1.0d unified shell escape interface for LaTeX
Package shellesc Info: Restricted shell escape enabled on input line 77.
)
(/usr/local/texlive/2025/texmf-dist/tex/generic/pdftexcmds/pdftexcmds.sty
Package: pdftexcmds 2020-06-27 v0.33 Utility functions of pdfTeX for LuaTeX (HO
)

(/usr/local/texlive/2025/texmf-dist/tex/generic/infwarerr/infwarerr.sty
Package: infwarerr 2019/12/03 v1.5 Providing info/warning/error messages (HO)
)
(/usr/local/texlive/2025/texmf-dist/tex/generic/iftex/iftex.sty
Package: iftex 2024/12/12 v1.0g TeX engine tests
)
(/usr/local/texlive/2025/texmf-dist/tex/generic/ltxcmds/ltxcmds.sty
Package: ltxcmds 2023-12-04 v1.26 LaTeX kernel commands for general use (HO)
)
Package pdftexcmds Info: \pdf@primitive is available.
Package pdftexcmds Info: \pdf@ifprimitive is available.
Package pdftexcmds Info: \pdfdraftmode found.
)
(/usr/local/texlive/2025/texmf-dist/tex/generic/catchfile/catchfile.sty
Package: catchfile 2019/12/09 v1.8 Catch the contents of a file (HO)

(/usr/local/texlive/2025/texmf-dist/tex/generic/etexcmds/etexcmds.sty
Package: etexcmds 2019/12/15 v1.7 Avoid name clashes with e-TeX commands (HO)
))
(/usr/local/texlive/2025/texmf-dist/tex/generic/iftex/ifluatex.sty
Package: ifluatex 2019/10/25 v1.5 ifluatex legacy package. Use iftex instead.
)

Package ifplatform Warning: 
    shell escape is disabled, so I can only detect \ifwindows.

) (/usr/local/texlive/2025/texmf-dist/tex/generic/iftex/ifxetex.sty
Package: ifxetex 2019/10/25 v0.7 ifxetex legacy package. Use iftex instead.
)
\hw@charcount=\count266
\hw@wordcount=\count267
\hw@maxprintline=\count268

(|kpsewhich -var-value=max_print_line))
Class tufte-book Info: Passing the `twoside' option to the `book' class
Class tufte-book Info: The `symmetric' option implies `twoside'
Class tufte-book Info: Passing the `twoside' option to the `book' class
Class tufte-book Info: Loading the base class `book'

(/usr/local/texlive/2025/texmf-dist/tex/latex/base/book.cls
Document Class: book 2024/06/29 v1.4n Standard LaTeX document class
(/usr/local/texlive/2025/texmf-dist/tex/latex/base/bk10.clo
File: bk10.clo 2024/06/29 v1.4n Standard LaTeX file (size option)
)
\c@part=\count269
\c@chapter=\count270
\c@section=\count271
\c@subsection=\count272
\c@subsubsection=\count273
\c@paragraph=\count274
\c@subparagraph=\count275
\c@figure=\count276
\c@table=\count277
\abovecaptionskip=\skip52
\belowcaptionskip=\skip53
\bibindent=\dimen143
)
(/usr/local/texlive/2025/texmf-dist/tex/generic/iftex/ifpdf.sty
Package: ifpdf 2019/10/25 v3.4 ifpdf legacy package. Use iftex instead.
)
(/usr/local/texlive/2025/texmf-dist/tex/latex/titlesec/titlesec.sty
Package: titlesec 2025/01/04 v2.17 Sectioning titles
\ttl@box=\box52
\beforetitleunit=\skip54
\aftertitleunit=\skip55
\ttl@plus=\dimen144
\ttl@minus=\dimen145
\ttl@toksa=\toks19
\titlewidth=\dimen146
\titlewidthlast=\dimen147
\titlewidthfirst=\dimen148
)
(/usr/local/texlive/2025/texmf-dist/tex/latex/titlesec/titletoc.sty
Package: titletoc 2025/01/04 v2.17 TOC entries
\ttl@leftsep=\dimen149
)
(/usr/local/texlive/2025/texmf-dist/tex/latex/hyperref/hyperref.sty
Package: hyperref 2024-11-05 v7.01l Hypertext links for LaTeX

(/usr/local/texlive/2025/texmf-dist/tex/latex/kvsetkeys/kvsetkeys.sty
Package: kvsetkeys 2022-10-05 v1.19 Key value parser (HO)
)
(/usr/local/texlive/2025/texmf-dist/tex/generic/kvdefinekeys/kvdefinekeys.sty
Package: kvdefinekeys 2019-12-19 v1.6 Define keys (HO)
)
(/usr/local/texlive/2025/texmf-dist/tex/generic/pdfescape/pdfescape.sty
Package: pdfescape 2019/12/09 v1.15 Implements pdfTeX's escape features (HO)
)
(/usr/local/texlive/2025/texmf-dist/tex/latex/hycolor/hycolor.sty
Package: hycolor 2020-01-27 v1.10 Color options for hyperref/bookmark (HO)
)
(/usr/local/texlive/2025/texmf-dist/tex/latex/hyperref/nameref.sty
Package: nameref 2023-11-26 v2.56 Cross-referencing by name of section

(/usr/local/texlive/2025/texmf-dist/tex/latex/refcount/refcount.sty
Package: refcount 2019/12/15 v3.6 Data extraction from label references (HO)
)
(/usr/local/texlive/2025/texmf-dist/tex/generic/gettitlestring/gettitlestring.s
ty
Package: gettitlestring 2019/12/15 v1.6 Cleanup title references (HO)
 (/usr/local/texlive/2025/texmf-dist/tex/latex/kvoptions/kvoptions.sty
Package: kvoptions 2022-06-15 v3.15 Key value format for package options (HO)
))
\c@section@level=\count278
)
(/usr/local/texlive/2025/texmf-dist/tex/latex/etoolbox/etoolbox.sty
Package: etoolbox 2025/02/11 v2.5l e-TeX tools for LaTeX (JAW)
\etb@tempcnta=\count279
)
(/usr/local/texlive/2025/texmf-dist/tex/generic/stringenc/stringenc.sty
Package: stringenc 2019/11/29 v1.12 Convert strings between diff. encodings (HO
)
)
\@linkdim=\dimen150
\Hy@linkcounter=\count280
\Hy@pagecounter=\count281

(/usr/local/texlive/2025/texmf-dist/tex/latex/hyperref/pd1enc.def
File: pd1enc.def 2024-11-05 v7.01l Hyperref: PDFDocEncoding definition (HO)
Now handling font encoding PD1 ...
... no UTF-8 mapping file for font encoding PD1
)
(/usr/local/texlive/2025/texmf-dist/tex/generic/intcalc/intcalc.sty
Package: intcalc 2019/12/15 v1.3 Expandable calculations with integers (HO)
)
\Hy@SavedSpaceFactor=\count282

(/usr/local/texlive/2025/texmf-dist/tex/latex/hyperref/puenc.def
File: puenc.def 2024-11-05 v7.01l Hyperref: PDF Unicode definition (HO)
Now handling font encoding PU ...
... no UTF-8 mapping file for font encoding PU
)
Package hyperref Info: Option `unicode' set `true' on input line 4040.
Package hyperref Info: Option `hyperfootnotes' set `false' on input line 4040.
Package hyperref Info: Hyper figures OFF on input line 4157.
Package hyperref Info: Link nesting OFF on input line 4162.
Package hyperref Info: Hyper index ON on input line 4165.
Package hyperref Info: Plain pages OFF on input line 4172.
Package hyperref Info: Backreferencing OFF on input line 4177.
Package hyperref Info: Implicit mode ON; LaTeX internals redefined.
Package hyperref Info: Bookmarks ON on input line 4424.
\c@Hy@tempcnt=\count283

(/usr/local/texlive/2025/texmf-dist/tex/latex/url/url.sty
\Urlmuskip=\muskip17
Package: url 2013/09/16  ver 3.4  Verb mode for urls, etc.
)
LaTeX Info: Redefining \url on input line 4763.
\XeTeXLinkMargin=\dimen151

(/usr/local/texlive/2025/texmf-dist/tex/generic/bitset/bitset.sty
Package: bitset 2019/12/09 v1.3 Handle bit-vector datatype (HO)

(/usr/local/texlive/2025/texmf-dist/tex/generic/bigintcalc/bigintcalc.sty
Package: bigintcalc 2019/12/15 v1.5 Expandable calculations on big integers (HO
)
))
\Fld@menulength=\count284
\Field@Width=\dimen152
\Fld@charsize=\dimen153
Package hyperref Info: Hyper figures OFF on input line 6042.
Package hyperref Info: Link nesting OFF on input line 6047.
Package hyperref Info: Hyper index ON on input line 6050.
Package hyperref Info: backreferencing OFF on input line 6057.
Package hyperref Info: Link coloring OFF on input line 6062.
Package hyperref Info: Link coloring with OCG OFF on input line 6067.
Package hyperref Info: PDF/A mode OFF on input line 6072.

(/usr/local/texlive/2025/texmf-dist/tex/latex/base/atbegshi-ltx.sty
Package: atbegshi-ltx 2021/01/10 v1.0c Emulation of the original atbegshi
package with kernel methods
)
\Hy@abspage=\count285
\c@Item=\count286
)
Package hyperref Info: Driver (autodetected): hpdftex.

(/usr/local/texlive/2025/texmf-dist/tex/latex/hyperref/hpdftex.def
File: hpdftex.def 2024-11-05 v7.01l Hyperref driver for pdfTeX

(/usr/local/texlive/2025/texmf-dist/tex/latex/base/atveryend-ltx.sty
Package: atveryend-ltx 2020/08/19 v1.0a Emulation of the original atveryend pac
kage
with kernel methods
)
\Fld@listcount=\count287
\c@bookmark@seq@number=\count288

(/usr/local/texlive/2025/texmf-dist/tex/latex/rerunfilecheck/rerunfilecheck.sty
Package: rerunfilecheck 2022-07-10 v1.10 Rerun checks for auxiliary files (HO)

(/usr/local/texlive/2025/texmf-dist/tex/generic/uniquecounter/uniquecounter.sty
Package: uniquecounter 2019/12/15 v1.4 Provide unlimited unique counter (HO)
)
Package uniquecounter Info: New unique counter `rerunfilecheck' on input line 2
85.
)
\Hy@SectionHShift=\skip56
) (/usr/local/texlive/2025/texmf-dist/tex/latex/ragged2e/ragged2e.sty
Package: ragged2e 2023/06/22 v3.6 ragged2e Package
\CenteringLeftskip=\skip57
\RaggedLeftLeftskip=\skip58
\RaggedRightLeftskip=\skip59
\CenteringRightskip=\skip60
\RaggedLeftRightskip=\skip61
\RaggedRightRightskip=\skip62
\CenteringParfillskip=\skip63
\RaggedLeftParfillskip=\skip64
\RaggedRightParfillskip=\skip65
\JustifyingParfillskip=\skip66
\CenteringParindent=\skip67
\RaggedLeftParindent=\skip68
\RaggedRightParindent=\skip69
\JustifyingParindent=\skip70
)
(/usr/local/texlive/2025/texmf-dist/tex/latex/geometry/geometry.sty
Package: geometry 2020/01/02 v5.9 Page Geometry

(/usr/local/texlive/2025/texmf-dist/tex/generic/iftex/ifvtex.sty
Package: ifvtex 2019/10/25 v1.7 ifvtex legacy package. Use iftex instead.
)
\Gm@cnth=\count289
\Gm@cntv=\count290
\c@Gm@tempcnt=\count291
\Gm@bindingoffset=\dimen154
\Gm@wd@mp=\dimen155
\Gm@odd@mp=\dimen156
\Gm@even@mp=\dimen157
\Gm@layoutwidth=\dimen158
\Gm@layoutheight=\dimen159
\Gm@layouthoffset=\dimen160
\Gm@layoutvoffset=\dimen161
\Gm@dimlist=\toks20
)
(/usr/local/texlive/2025/texmf-dist/tex/latex/changepage/changepage.sty
Package: changepage 2009/10/20 v1.0c check page and change page layout
\c@cp@cntr=\count292
\cp@tempcnt=\count293
)
\@tufte@overhang=\skip71
\@tufte@fullwidth=\skip72
\@tufte@caption@fill=\skip73

(/usr/local/texlive/2025/texmf-dist/tex/latex/paralist/paralist.sty
Package: paralist 2017/01/22 v2.7 Extended list environments
\pltopsep=\skip74
\plpartopsep=\skip75
\plitemsep=\skip76
\plparsep=\skip77
\pl@lab=\toks21
)
(/usr/local/texlive/2025/texmf-dist/tex/latex/textcase/textcase.sty
Package: textcase 2025/02/16 v1.05 Text only upper/lower case changing (DPC)
Package textcase Info: Defining Legacy names on input line 20.
)
(/usr/local/texlive/2025/texmf-dist/tex/latex/microtype/letterspace.sty
Package: letterspace 2025/02/11 v3.2a Robust letterspacing (RS)
LaTeX Info: Redefining \lsstyle on input line 343.
LaTeX Info: Redefining \lslig on input line 344.
LaTeX Info: Redefining \textls on input line 372.
\MT@outer@kern=\dimen162
)
(/usr/local/texlive/2025/texmf-dist/tex/latex/setspace/setspace.sty
Package: setspace 2022/12/04 v6.7b set line spacing
)
(/usr/local/texlive/2025/texmf-dist/tex/latex/xcolor/xcolor.sty
Package: xcolor 2024/09/29 v3.02 LaTeX color extensions (UK)

(/usr/local/texlive/2025/texmf-dist/tex/latex/graphics-cfg/color.cfg
File: color.cfg 2016/01/02 v1.6 sample color configuration
)

Package xcolor Warning: Package option `usenames' is obsolete and ignored on in
put line 265.

Package xcolor Info: Driver file: pdftex.def on input line 274.
(/usr/local/texlive/2025/texmf-dist/tex/latex/graphics-def/pdftex.def
File: pdftex.def 2024/04/13 v1.2c Graphics/color driver for pdftex
)
(/usr/local/texlive/2025/texmf-dist/tex/latex/graphics/mathcolor.ltx)
Package xcolor Info: Model `cmy' substituted by `cmy0' on input line 1349.
Package xcolor Info: Model `hsb' substituted by `rgb' on input line 1353.
Package xcolor Info: Model `RGB' extended on input line 1365.
Package xcolor Info: Model `HTML' substituted by `rgb' on input line 1367.
Package xcolor Info: Model `Hsb' substituted by `hsb' on input line 1368.
Package xcolor Info: Model `tHsb' substituted by `hsb' on input line 1369.
Package xcolor Info: Model `HSB' substituted by `hsb' on input line 1370.
Package xcolor Info: Model `Gray' substituted by `gray' on input line 1371.
Package xcolor Info: Model `wave' substituted by `hsb' on input line 1372.
)
(/usr/local/texlive/2025/texmf-dist/tex/latex/graphics/dvipsnam.def
File: dvipsnam.def 2016/06/17 v3.0m Driver-dependent file (DPC,SPQR)
)
(/usr/local/texlive/2025/texmf-dist/tex/latex/xcolor/svgnam.def
File: svgnam.def 2024/09/29 v3.02 Predefined colors according to SVG 1.1 (UK)
)
(/usr/local/texlive/2025/texmf-dist/tex/latex/natbib/natbib.sty
Package: natbib 2010/09/13 8.31b (PWD, AO)
\bibhang=\skip78
\bibsep=\skip79
LaTeX Info: Redefining \cite on input line 694.
\c@NAT@ctr=\count294
)
(/usr/local/texlive/2025/texmf-dist/tex/latex/natbib/bibentry.sty
Package: bibentry 2007/10/30 1.5 (PWD)
)
(./handbook.bbl)
\c@@tufte@num@bibkeys=\count295

(/usr/local/texlive/2025/texmf-dist/tex/latex/sauerj/optparams.sty
Package: optparams 2004/08/14 v0.9 multiple optional parameters in macros
)
\@tufte@sidenote@vertical@offset=\skip80

(/usr/local/texlive/2025/texmf-dist/tex/latex/placeins/placeins.sty
Package: placeins 2005/04/18  v 2.2
)
\@tufte@margin@floatbox=\box53
\@tufte@figure@box=\box54
\@tufte@caption@box=\box55
\@tufte@caption@vertical@offset=\skip81
\@tufte@float@contents@width=\skip82

(/usr/local/texlive/2025/texmf-dist/tex/latex/psnfss/mathpazo.sty
Package: mathpazo 2020/03/25 PSNFSS-v9.3 Palatino w/ Pazo Math (D.Puga, WaS) 
\symupright=\mathgroup4
)
(/usr/local/texlive/2025/texmf-dist/tex/latex/psnfss/helvet.sty
Package: helvet 2020/03/25 PSNFSS-v9.3 (WaS) 
)
(/usr/local/texlive/2025/texmf-dist/tex/latex/bera/beramono.sty
Package: beramono 2004/01/31 (WaS)
)
(/usr/local/texlive/2025/texmf-dist/tex/latex/base/fontenc.sty
Package: fontenc 2021/04/29 v2.0v Standard LaTeX package
LaTeX Font Info:    Trying to load font information for T1+pplj on input line 1
16.

(/usr/local/texlive/2025/texmf-dist/tex/latex/psnfss/t1pplj.fd
File: t1pplj.fd 2004/09/06 font definitions for T1/pplj.
))
(/usr/local/texlive/2025/texmf-dist/tex/latex/base/textcomp.sty
Package: textcomp 2024/04/24 v2.1b Standard LaTeX package
)
(/usr/local/texlive/2025/texmf-dist/tex/latex/fancyhdr/fancyhdr.sty
Package: fancyhdr 2025/02/07 v5.2 Extensive control of page headers and footers

\f@nch@headwidth=\skip83
\f@nch@offset@elh=\skip84
\f@nch@offset@erh=\skip85
\f@nch@offset@olh=\skip86
\f@nch@offset@orh=\skip87
\f@nch@offset@elf=\skip88
\f@nch@offset@erf=\skip89
\f@nch@offset@olf=\skip90
\f@nch@offset@orf=\skip91
\f@nch@height=\skip92
\f@nch@footalignment=\skip93
\f@nch@widthL=\skip94
\f@nch@widthC=\skip95
\f@nch@widthR=\skip96
\@temptokenb=\toks22
)
\tufteskipamount=\skip97

(/usr/local/texlive/2025/texmf-dist/tex/latex/tools/multicol.sty
Package: multicol 2024/09/14 v1.9i multicolumn formatting (FMi)
\c@tracingmulticols=\count296
\mult@box=\box56
\multicol@leftmargin=\dimen163
\c@unbalance=\count297
\c@collectmore=\count298
\doublecol@number=\count299
\multicoltolerance=\count300
\multicolpretolerance=\count301
\full@width=\dimen164
\page@free=\dimen165
\premulticols=\dimen166
\postmulticols=\dimen167
\multicolsep=\skip98
\multicolbaselineskip=\skip99
\partial@page=\box57
\last@line=\box58
\mc@boxedresult=\box59
\maxbalancingoverflow=\dimen168
\mult@rightbox=\box60
\mult@grightbox=\box61
\mult@firstbox=\box62
\mult@gfirstbox=\box63
\@tempa=\box64
\@tempa=\box65
\@tempa=\box66
\@tempa=\box67
\@tempa=\box68
\@tempa=\box69
\@tempa=\box70
\@tempa=\box71
\@tempa=\box72
\@tempa=\box73
\@tempa=\box74
\@tempa=\box75
\@tempa=\box76
\@tempa=\box77
\@tempa=\box78
\@tempa=\box79
\@tempa=\box80
\@tempa=\box81
\@tempa=\box82
\@tempa=\box83
\@tempa=\box84
\@tempa=\box85
\@tempa=\box86
\@tempa=\box87
\@tempa=\box88
\@tempa=\box89
\@tempa=\box90
\@tempa=\box91
\@tempa=\box92
\@tempa=\box93
\@tempa=\box94
\@tempa=\box95
\@tempa=\box96
\@tempa=\box97
\@tempa=\box98
\@tempa=\box99
\c@minrows=\count302
\c@columnbadness=\count303
\c@finalcolumnbadness=\count304
\last@try=\dimen169
\multicolovershoot=\dimen170
\multicolundershoot=\dimen171
\mult@nat@firstbox=\box100
\colbreak@box=\box101
\mc@col@check@num=\count305
)))
Package hyperref Info: Option `colorlinks' set `true' on input line 23.

(./smartdiagram.sty
Package: smartdiagram 2016/12/23 v0.3b Automatic creation of smart diagrams fro
m lists of items.

(/usr/local/texlive/2025/texmf-dist/tex/latex/pgf/frontendlayer/tikz.sty
(/usr/local/texlive/2025/texmf-dist/tex/latex/pgf/basiclayer/pgf.sty
(/usr/local/texlive/2025/texmf-dist/tex/latex/pgf/utilities/pgfrcs.sty
(/usr/local/texlive/2025/texmf-dist/tex/generic/pgf/utilities/pgfutil-common.te
x
\pgfutil@everybye=\toks23
\pgfutil@tempdima=\dimen172
\pgfutil@tempdimb=\dimen173
)
(/usr/local/texlive/2025/texmf-dist/tex/generic/pgf/utilities/pgfutil-latex.def
\pgfutil@abb=\box102
) (/usr/local/texlive/2025/texmf-dist/tex/generic/pgf/utilities/pgfrcs.code.tex
(/usr/local/texlive/2025/texmf-dist/tex/generic/pgf/pgf.revision.tex)
Package: pgfrcs 2023-01-15 v3.1.10 (3.1.10)
))
Package: pgf 2023-01-15 v3.1.10 (3.1.10)

(/usr/local/texlive/2025/texmf-dist/tex/latex/pgf/basiclayer/pgfcore.sty
(/usr/local/texlive/2025/texmf-dist/tex/latex/graphics/graphicx.sty
Package: graphicx 2021/09/16 v1.2d Enhanced LaTeX Graphics (DPC,SPQR)

(/usr/local/texlive/2025/texmf-dist/tex/latex/graphics/graphics.sty
Package: graphics 2024/08/06 v1.4g Standard LaTeX Graphics (DPC,SPQR)

(/usr/local/texlive/2025/texmf-dist/tex/latex/graphics/trig.sty
Package: trig 2023/12/02 v1.11 sin cos tan (DPC)
)
(/usr/local/texlive/2025/texmf-dist/tex/latex/graphics-cfg/graphics.cfg
File: graphics.cfg 2016/06/04 v1.11 sample graphics configuration
)
Package graphics Info: Driver file: pdftex.def on input line 106.
)
\Gin@req@height=\dimen174
\Gin@req@width=\dimen175
)
(/usr/local/texlive/2025/texmf-dist/tex/latex/pgf/systemlayer/pgfsys.sty
(/usr/local/texlive/2025/texmf-dist/tex/generic/pgf/systemlayer/pgfsys.code.tex
Package: pgfsys 2023-01-15 v3.1.10 (3.1.10)
(/usr/local/texlive/2025/texmf-dist/tex/generic/pgf/utilities/pgfkeys.code.tex
\pgfkeys@pathtoks=\toks24
\pgfkeys@temptoks=\toks25

(/usr/local/texlive/2025/texmf-dist/tex/generic/pgf/utilities/pgfkeyslibraryfil
tered.code.tex
\pgfkeys@tmptoks=\toks26
))
\pgf@x=\dimen176
\pgf@y=\dimen177
\pgf@xa=\dimen178
\pgf@ya=\dimen179
\pgf@xb=\dimen180
\pgf@yb=\dimen181
\pgf@xc=\dimen182
\pgf@yc=\dimen183
\pgf@xd=\dimen184
\pgf@yd=\dimen185
\w@pgf@writea=\write3
\r@pgf@reada=\read2
\c@pgf@counta=\count306
\c@pgf@countb=\count307
\c@pgf@countc=\count308
\c@pgf@countd=\count309
\t@pgf@toka=\toks27
\t@pgf@tokb=\toks28
\t@pgf@tokc=\toks29
\pgf@sys@id@count=\count310

(/usr/local/texlive/2025/texmf-dist/tex/generic/pgf/systemlayer/pgf.cfg
File: pgf.cfg 2023-01-15 v3.1.10 (3.1.10)
)
Driver file for pgf: pgfsys-pdftex.def

(/usr/local/texlive/2025/texmf-dist/tex/generic/pgf/systemlayer/pgfsys-pdftex.d
ef
File: pgfsys-pdftex.def 2023-01-15 v3.1.10 (3.1.10)

(/usr/local/texlive/2025/texmf-dist/tex/generic/pgf/systemlayer/pgfsys-common-p
df.def
File: pgfsys-common-pdf.def 2023-01-15 v3.1.10 (3.1.10)
)))
(/usr/local/texlive/2025/texmf-dist/tex/generic/pgf/systemlayer/pgfsyssoftpath.
code.tex
File: pgfsyssoftpath.code.tex 2023-01-15 v3.1.10 (3.1.10)
\pgfsyssoftpath@smallbuffer@items=\count311
\pgfsyssoftpath@bigbuffer@items=\count312
)
(/usr/local/texlive/2025/texmf-dist/tex/generic/pgf/systemlayer/pgfsysprotocol.
code.tex
File: pgfsysprotocol.code.tex 2023-01-15 v3.1.10 (3.1.10)
))
(/usr/local/texlive/2025/texmf-dist/tex/generic/pgf/basiclayer/pgfcore.code.tex
Package: pgfcore 2023-01-15 v3.1.10 (3.1.10)
(/usr/local/texlive/2025/texmf-dist/tex/generic/pgf/math/pgfmath.code.tex
(/usr/local/texlive/2025/texmf-dist/tex/generic/pgf/math/pgfmathutil.code.tex)
(/usr/local/texlive/2025/texmf-dist/tex/generic/pgf/math/pgfmathparser.code.tex
\pgfmath@dimen=\dimen186
\pgfmath@count=\count313
\pgfmath@box=\box103
\pgfmath@toks=\toks30
\pgfmath@stack@operand=\toks31
\pgfmath@stack@operation=\toks32
)
(/usr/local/texlive/2025/texmf-dist/tex/generic/pgf/math/pgfmathfunctions.code.
tex)
(/usr/local/texlive/2025/texmf-dist/tex/generic/pgf/math/pgfmathfunctions.basic
.code.tex)
(/usr/local/texlive/2025/texmf-dist/tex/generic/pgf/math/pgfmathfunctions.trigo
nometric.code.tex)
(/usr/local/texlive/2025/texmf-dist/tex/generic/pgf/math/pgfmathfunctions.rando
m.code.tex)
(/usr/local/texlive/2025/texmf-dist/tex/generic/pgf/math/pgfmathfunctions.compa
rison.code.tex)
(/usr/local/texlive/2025/texmf-dist/tex/generic/pgf/math/pgfmathfunctions.base.
code.tex)
(/usr/local/texlive/2025/texmf-dist/tex/generic/pgf/math/pgfmathfunctions.round
.code.tex)
(/usr/local/texlive/2025/texmf-dist/tex/generic/pgf/math/pgfmathfunctions.misc.
code.tex)
(/usr/local/texlive/2025/texmf-dist/tex/generic/pgf/math/pgfmathfunctions.integ
erarithmetics.code.tex)
(/usr/local/texlive/2025/texmf-dist/tex/generic/pgf/math/pgfmathcalc.code.tex)
(/usr/local/texlive/2025/texmf-dist/tex/generic/pgf/math/pgfmathfloat.code.tex
\c@pgfmathroundto@lastzeros=\count314
)) (/usr/local/texlive/2025/texmf-dist/tex/generic/pgf/math/pgfint.code.tex)
(/usr/local/texlive/2025/texmf-dist/tex/generic/pgf/basiclayer/pgfcorepoints.co
de.tex
File: pgfcorepoints.code.tex 2023-01-15 v3.1.10 (3.1.10)
\pgf@picminx=\dimen187
\pgf@picmaxx=\dimen188
\pgf@picminy=\dimen189
\pgf@picmaxy=\dimen190
\pgf@pathminx=\dimen191
\pgf@pathmaxx=\dimen192
\pgf@pathminy=\dimen193
\pgf@pathmaxy=\dimen194
\pgf@xx=\dimen195
\pgf@xy=\dimen196
\pgf@yx=\dimen197
\pgf@yy=\dimen198
\pgf@zx=\dimen199
\pgf@zy=\dimen256
)
(/usr/local/texlive/2025/texmf-dist/tex/generic/pgf/basiclayer/pgfcorepathconst
ruct.code.tex
File: pgfcorepathconstruct.code.tex 2023-01-15 v3.1.10 (3.1.10)
\pgf@path@lastx=\dimen257
\pgf@path@lasty=\dimen258
)
(/usr/local/texlive/2025/texmf-dist/tex/generic/pgf/basiclayer/pgfcorepathusage
.code.tex
File: pgfcorepathusage.code.tex 2023-01-15 v3.1.10 (3.1.10)
\pgf@shorten@end@additional=\dimen259
\pgf@shorten@start@additional=\dimen260
)
(/usr/local/texlive/2025/texmf-dist/tex/generic/pgf/basiclayer/pgfcorescopes.co
de.tex
File: pgfcorescopes.code.tex 2023-01-15 v3.1.10 (3.1.10)
\pgfpic=\box104
\pgf@hbox=\box105
\pgf@layerbox@main=\box106
\pgf@picture@serial@count=\count315
)
(/usr/local/texlive/2025/texmf-dist/tex/generic/pgf/basiclayer/pgfcoregraphicst
ate.code.tex
File: pgfcoregraphicstate.code.tex 2023-01-15 v3.1.10 (3.1.10)
\pgflinewidth=\dimen261
)
(/usr/local/texlive/2025/texmf-dist/tex/generic/pgf/basiclayer/pgfcoretransform
ations.code.tex
File: pgfcoretransformations.code.tex 2023-01-15 v3.1.10 (3.1.10)
\pgf@pt@x=\dimen262
\pgf@pt@y=\dimen263
\pgf@pt@temp=\dimen264
)
(/usr/local/texlive/2025/texmf-dist/tex/generic/pgf/basiclayer/pgfcorequick.cod
e.tex
File: pgfcorequick.code.tex 2023-01-15 v3.1.10 (3.1.10)
)
(/usr/local/texlive/2025/texmf-dist/tex/generic/pgf/basiclayer/pgfcoreobjects.c
ode.tex
File: pgfcoreobjects.code.tex 2023-01-15 v3.1.10 (3.1.10)
)
(/usr/local/texlive/2025/texmf-dist/tex/generic/pgf/basiclayer/pgfcorepathproce
ssing.code.tex
File: pgfcorepathprocessing.code.tex 2023-01-15 v3.1.10 (3.1.10)
)
(/usr/local/texlive/2025/texmf-dist/tex/generic/pgf/basiclayer/pgfcorearrows.co
de.tex
File: pgfcorearrows.code.tex 2023-01-15 v3.1.10 (3.1.10)
\pgfarrowsep=\dimen265
)
(/usr/local/texlive/2025/texmf-dist/tex/generic/pgf/basiclayer/pgfcoreshade.cod
e.tex
File: pgfcoreshade.code.tex 2023-01-15 v3.1.10 (3.1.10)
\pgf@max=\dimen266
\pgf@sys@shading@range@num=\count316
\pgf@shadingcount=\count317
)
(/usr/local/texlive/2025/texmf-dist/tex/generic/pgf/basiclayer/pgfcoreimage.cod
e.tex
File: pgfcoreimage.code.tex 2023-01-15 v3.1.10 (3.1.10)
)
(/usr/local/texlive/2025/texmf-dist/tex/generic/pgf/basiclayer/pgfcoreexternal.
code.tex
File: pgfcoreexternal.code.tex 2023-01-15 v3.1.10 (3.1.10)
\pgfexternal@startupbox=\box107
)
(/usr/local/texlive/2025/texmf-dist/tex/generic/pgf/basiclayer/pgfcorelayers.co
de.tex
File: pgfcorelayers.code.tex 2023-01-15 v3.1.10 (3.1.10)
)
(/usr/local/texlive/2025/texmf-dist/tex/generic/pgf/basiclayer/pgfcoretranspare
ncy.code.tex
File: pgfcoretransparency.code.tex 2023-01-15 v3.1.10 (3.1.10)
)
(/usr/local/texlive/2025/texmf-dist/tex/generic/pgf/basiclayer/pgfcorepatterns.
code.tex
File: pgfcorepatterns.code.tex 2023-01-15 v3.1.10 (3.1.10)
)
(/usr/local/texlive/2025/texmf-dist/tex/generic/pgf/basiclayer/pgfcorerdf.code.
tex
File: pgfcorerdf.code.tex 2023-01-15 v3.1.10 (3.1.10)
)))
(/usr/local/texlive/2025/texmf-dist/tex/generic/pgf/modules/pgfmoduleshapes.cod
e.tex
File: pgfmoduleshapes.code.tex 2023-01-15 v3.1.10 (3.1.10)
\pgfnodeparttextbox=\box108
)
(/usr/local/texlive/2025/texmf-dist/tex/generic/pgf/modules/pgfmoduleplot.code.
tex
File: pgfmoduleplot.code.tex 2023-01-15 v3.1.10 (3.1.10)
)
(/usr/local/texlive/2025/texmf-dist/tex/latex/pgf/compatibility/pgfcomp-version
-0-65.sty
Package: pgfcomp-version-0-65 2023-01-15 v3.1.10 (3.1.10)
\pgf@nodesepstart=\dimen267
\pgf@nodesepend=\dimen268
)
(/usr/local/texlive/2025/texmf-dist/tex/latex/pgf/compatibility/pgfcomp-version
-1-18.sty
Package: pgfcomp-version-1-18 2023-01-15 v3.1.10 (3.1.10)
))
(/usr/local/texlive/2025/texmf-dist/tex/latex/pgf/utilities/pgffor.sty
(/usr/local/texlive/2025/texmf-dist/tex/latex/pgf/utilities/pgfkeys.sty
(/usr/local/texlive/2025/texmf-dist/tex/generic/pgf/utilities/pgfkeys.code.tex)
) (/usr/local/texlive/2025/texmf-dist/tex/latex/pgf/math/pgfmath.sty
(/usr/local/texlive/2025/texmf-dist/tex/generic/pgf/math/pgfmath.code.tex))
(/usr/local/texlive/2025/texmf-dist/tex/generic/pgf/utilities/pgffor.code.tex
Package: pgffor 2023-01-15 v3.1.10 (3.1.10)
\pgffor@iter=\dimen269
\pgffor@skip=\dimen270
\pgffor@stack=\toks33
\pgffor@toks=\toks34
))
(/usr/local/texlive/2025/texmf-dist/tex/generic/pgf/frontendlayer/tikz/tikz.cod
e.tex
Package: tikz 2023-01-15 v3.1.10 (3.1.10)

(/usr/local/texlive/2025/texmf-dist/tex/generic/pgf/libraries/pgflibraryplothan
dlers.code.tex
File: pgflibraryplothandlers.code.tex 2023-01-15 v3.1.10 (3.1.10)
\pgf@plot@mark@count=\count318
\pgfplotmarksize=\dimen271
)
\tikz@lastx=\dimen272
\tikz@lasty=\dimen273
\tikz@lastxsaved=\dimen274
\tikz@lastysaved=\dimen275
\tikz@lastmovetox=\dimen276
\tikz@lastmovetoy=\dimen277
\tikzleveldistance=\dimen278
\tikzsiblingdistance=\dimen279
\tikz@figbox=\box109
\tikz@figbox@bg=\box110
\tikz@tempbox=\box111
\tikz@tempbox@bg=\box112
\tikztreelevel=\count319
\tikznumberofchildren=\count320
\tikznumberofcurrentchild=\count321
\tikz@fig@count=\count322

(/usr/local/texlive/2025/texmf-dist/tex/generic/pgf/modules/pgfmodulematrix.cod
e.tex
File: pgfmodulematrix.code.tex 2023-01-15 v3.1.10 (3.1.10)
\pgfmatrixcurrentrow=\count323
\pgfmatrixcurrentcolumn=\count324
\pgf@matrix@numberofcolumns=\count325
)
\tikz@expandcount=\count326

(/usr/local/texlive/2025/texmf-dist/tex/generic/pgf/frontendlayer/tikz/librarie
s/tikzlibrarytopaths.code.tex
File: tikzlibrarytopaths.code.tex 2023-01-15 v3.1.10 (3.1.10)
)))
(/usr/local/texlive/2025/texmf-dist/tex/latex/l3packages/xparse/xparse.sty
(/usr/local/texlive/2025/texmf-dist/tex/latex/l3kernel/expl3.sty
Package: expl3 2025-01-18 L3 programming layer (loader) 

(/usr/local/texlive/2025/texmf-dist/tex/latex/l3backend/l3backend-pdftex.def
File: l3backend-pdftex.def 2024-05-08 L3 backend support: PDF output (pdfTeX)
\l__color_backend_stack_int=\count327
\l__pdf_internal_box=\box113
))
Package: xparse 2024-08-16 L3 Experimental document command parser
) (/usr/local/texlive/2025/texmf-dist/tex/generic/xstring/xstring.sty
(/usr/local/texlive/2025/texmf-dist/tex/generic/xstring/xstring.tex
\xs_counta=\count328
\xs_countb=\count329
)
Package: xstring 2023/08/22 v1.86 String manipulations (CT)
)
(/usr/local/texlive/2025/texmf-dist/tex/generic/pgf/frontendlayer/tikz/librarie
s/tikzlibrarybackgrounds.code.tex
File: tikzlibrarybackgrounds.code.tex 2023-01-15 v3.1.10 (3.1.10)
\pgf@layerbox@background=\box114
\pgf@layerboxsaved@background=\box115
)
(/usr/local/texlive/2025/texmf-dist/tex/generic/pgf/frontendlayer/tikz/librarie
s/tikzlibrarycalc.code.tex
File: tikzlibrarycalc.code.tex 2023-01-15 v3.1.10 (3.1.10)
)
(/usr/local/texlive/2025/texmf-dist/tex/generic/pgf/frontendlayer/tikz/librarie
s/tikzlibraryfadings.code.tex
File: tikzlibraryfadings.code.tex 2023-01-15 v3.1.10 (3.1.10)

(/usr/local/texlive/2025/texmf-dist/tex/generic/pgf/libraries/pgflibraryfadings
.code.tex
File: pgflibraryfadings.code.tex 2023-01-15 v3.1.10 (3.1.10)
))
(/usr/local/texlive/2025/texmf-dist/tex/generic/pgf/frontendlayer/tikz/librarie
s/tikzlibraryshadows.code.tex
File: tikzlibraryshadows.code.tex 2023-01-15 v3.1.10 (3.1.10)
)
(/usr/local/texlive/2025/texmf-dist/tex/generic/pgf/frontendlayer/tikz/librarie
s/tikzlibraryshapes.arrows.code.tex
File: tikzlibraryshapes.arrows.code.tex 2023-01-15 v3.1.10 (3.1.10)

(/usr/local/texlive/2025/texmf-dist/tex/generic/pgf/libraries/shapes/pgflibrary
shapes.arrows.code.tex
File: pgflibraryshapes.arrows.code.tex 2023-01-15 v3.1.10 (3.1.10)
))
(/usr/local/texlive/2025/texmf-dist/tex/generic/pgf/frontendlayer/tikz/librarie
s/tikzlibraryshapes.symbols.code.tex
File: tikzlibraryshapes.symbols.code.tex 2023-01-15 v3.1.10 (3.1.10)

(/usr/local/texlive/2025/texmf-dist/tex/generic/pgf/libraries/shapes/pgflibrary
shapes.symbols.code.tex
File: pgflibraryshapes.symbols.code.tex 2023-01-15 v3.1.10 (3.1.10)
))
\pgf@layerbox@smart diagram arrow back=\box116
\pgf@layerboxsaved@smart diagram arrow back=\box117

(/usr/local/texlive/2025/texmf-dist/tex/latex/smartdiagram/smartdiagramlibraryc
ore.definitions.code.tex)
(/usr/local/texlive/2025/texmf-dist/tex/latex/smartdiagram/smartdiagramlibraryc
ore.styles.code.tex)
(/usr/local/texlive/2025/texmf-dist/tex/latex/smartdiagram/smartdiagramlibraryc
ore.commands.code.tex))
(/usr/local/texlive/2025/texmf-dist/tex/latex/enumitem/enumitem.sty
Package: enumitem 2025/02/06 v3.11 Customized lists
\enitkv@toks@=\toks35
\labelindent=\skip100
\enit@outerparindent=\dimen280
\enit@toks=\toks36
\enit@inbox=\box118
\enit@count@id=\count330
\enitdp@description=\count331
)
(/usr/local/texlive/2025/texmf-dist/tex/latex/amsmath/amsmath.sty
Package: amsmath 2024/11/05 v2.17t AMS math features
\@mathmargin=\skip101

For additional information on amsmath, use the `?' option.
(/usr/local/texlive/2025/texmf-dist/tex/latex/amsmath/amstext.sty
Package: amstext 2021/08/26 v2.01 AMS text

(/usr/local/texlive/2025/texmf-dist/tex/latex/amsmath/amsgen.sty
File: amsgen.sty 1999/11/30 v2.0 generic functions
\@emptytoks=\toks37
\ex@=\dimen281
))
(/usr/local/texlive/2025/texmf-dist/tex/latex/amsmath/amsbsy.sty
Package: amsbsy 1999/11/29 v1.2d Bold Symbols
\pmbraise@=\dimen282
)
(/usr/local/texlive/2025/texmf-dist/tex/latex/amsmath/amsopn.sty
Package: amsopn 2022/04/08 v2.04 operator names
)
\inf@bad=\count332
LaTeX Info: Redefining \frac on input line 233.
\uproot@=\count333
\leftroot@=\count334
LaTeX Info: Redefining \overline on input line 398.
LaTeX Info: Redefining \colon on input line 409.
\classnum@=\count335
\DOTSCASE@=\count336
LaTeX Info: Redefining \ldots on input line 495.
LaTeX Info: Redefining \dots on input line 498.
LaTeX Info: Redefining \cdots on input line 619.
\Mathstrutbox@=\box119
\strutbox@=\box120
LaTeX Info: Redefining \big on input line 721.
LaTeX Info: Redefining \Big on input line 722.
LaTeX Info: Redefining \bigg on input line 723.
LaTeX Info: Redefining \Bigg on input line 724.
\big@size=\dimen283
LaTeX Font Info:    Redeclaring font encoding OML on input line 742.
LaTeX Font Info:    Redeclaring font encoding OMS on input line 743.
\macc@depth=\count337
LaTeX Info: Redefining \bmod on input line 904.
LaTeX Info: Redefining \pmod on input line 909.
LaTeX Info: Redefining \smash on input line 939.
LaTeX Info: Redefining \relbar on input line 969.
LaTeX Info: Redefining \Relbar on input line 970.
\c@MaxMatrixCols=\count338
\dotsspace@=\muskip18
\c@parentequation=\count339
\dspbrk@lvl=\count340
\tag@help=\toks38
\row@=\count341
\column@=\count342
\maxfields@=\count343
\andhelp@=\toks39
\eqnshift@=\dimen284
\alignsep@=\dimen285
\tagshift@=\dimen286
\tagwidth@=\dimen287
\totwidth@=\dimen288
\lineht@=\dimen289
\@envbody=\toks40
\multlinegap=\skip102
\multlinetaggap=\skip103
\mathdisplay@stack=\toks41
LaTeX Info: Redefining \[ on input line 2953.
LaTeX Info: Redefining \] on input line 2954.
)
(/usr/local/texlive/2025/texmf-dist/tex/latex/tools/longtable.sty
Package: longtable 2024-10-27 v4.22 Multi-page Table package (DPC)
\LTleft=\skip104
\LTright=\skip105
\LTpre=\skip106
\LTpost=\skip107
\LTchunksize=\count344
\LTcapwidth=\dimen290
\LT@head=\box121
\LT@firsthead=\box122
\LT@foot=\box123
\LT@lastfoot=\box124
\LT@gbox=\box125
\LT@cols=\count345
\LT@rows=\count346
\c@LT@tables=\count347
\c@LT@chunks=\count348
\LT@p@ftn=\toks42
)
(/usr/local/texlive/2025/texmf-dist/tex/latex/pgfplots/pgfplots.sty
(/usr/local/texlive/2025/texmf-dist/tex/generic/pgfplots/pgfplots.revision.tex)
Package: pgfplots 2021/05/15 v1.18.1 Data Visualization (1.18.1)
(/usr/local/texlive/2025/texmf-dist/tex/generic/pgfplots/pgfplots.code.tex
(/usr/local/texlive/2025/texmf-dist/tex/generic/pgfplots/pgfplotscore.code.tex
\t@pgfplots@toka=\toks43
\t@pgfplots@tokb=\toks44
\t@pgfplots@tokc=\toks45
\pgfplots@tmpa=\dimen291
\c@pgfplots@coordindex=\count349
\c@pgfplots@scanlineindex=\count350

(/usr/local/texlive/2025/texmf-dist/tex/generic/pgfplots/sys/pgfplotssysgeneric
.code.tex))
(/usr/local/texlive/2025/texmf-dist/tex/generic/pgfplots/libs/pgfplotslibrary.c
ode.tex)
(/usr/local/texlive/2025/texmf-dist/tex/generic/pgfplots/oldpgfcompatib/pgfplot
soldpgfsupp_loader.code.tex
(/usr/local/texlive/2025/texmf-dist/tex/generic/pgf/libraries/pgflibraryfpu.cod
e.tex)
Package pgfplots: loading complementary utilities for your pgf version...
\t@pgf@toka=\toks46
\t@pgf@tokb=\toks47
\t@pgf@tokc=\toks48

(/usr/local/texlive/2025/texmf-dist/tex/generic/pgfplots/oldpgfcompatib/pgfplot
soldpgfsupp_pgfutil-common-lists.tex))
(/usr/local/texlive/2025/texmf-dist/tex/generic/pgfplots/util/pgfplotsutil.code
.tex
(/usr/local/texlive/2025/texmf-dist/tex/generic/pgfplots/liststructure/pgfplots
liststructure.code.tex)
(/usr/local/texlive/2025/texmf-dist/tex/generic/pgfplots/liststructure/pgfplots
liststructureext.code.tex)
(/usr/local/texlive/2025/texmf-dist/tex/generic/pgfplots/liststructure/pgfplots
array.code.tex
\c@pgfplotsarray@tmp=\count351
)
(/usr/local/texlive/2025/texmf-dist/tex/generic/pgfplots/liststructure/pgfplots
matrix.code.tex)
(/usr/local/texlive/2025/texmf-dist/tex/generic/pgfplots/numtable/pgfplotstable
shared.code.tex
\c@pgfplotstable@counta=\count352
\t@pgfplotstable@a=\toks49
)
(/usr/local/texlive/2025/texmf-dist/tex/generic/pgfplots/liststructure/pgfplots
deque.code.tex)
(/usr/local/texlive/2025/texmf-dist/tex/generic/pgfplots/util/pgfplotsbinary.co
de.tex
(/usr/local/texlive/2025/texmf-dist/tex/generic/pgfplots/util/pgfplotsbinary.da
ta.code.tex))
(/usr/local/texlive/2025/texmf-dist/tex/generic/pgfplots/util/pgfplotsutil.verb
.code.tex)
(/usr/local/texlive/2025/texmf-dist/tex/generic/pgfplots/libs/pgflibrarypgfplot
s.surfshading.code.tex
\c@pgfplotslibrarysurf@no=\count353

(/usr/local/texlive/2025/texmf-dist/tex/generic/pgfplots/sys/pgflibrarypgfplots
.surfshading.pgfsys-pdftex.def)))
(/usr/local/texlive/2025/texmf-dist/tex/generic/pgfplots/util/pgfplotscolormap.
code.tex
(/usr/local/texlive/2025/texmf-dist/tex/generic/pgfplots/util/pgfplotscolor.cod
e.tex))
(/usr/local/texlive/2025/texmf-dist/tex/generic/pgfplots/pgfplotsstackedplots.c
ode.tex)
(/usr/local/texlive/2025/texmf-dist/tex/generic/pgfplots/pgfplotsplothandlers.c
ode.tex
(/usr/local/texlive/2025/texmf-dist/tex/generic/pgfplots/pgfplotsmeshplothandle
r.code.tex
(/usr/local/texlive/2025/texmf-dist/tex/generic/pgfplots/pgfplotsmeshplotimage.
code.tex)))
(/usr/local/texlive/2025/texmf-dist/tex/generic/pgfplots/pgfplots.scaling.code.
tex)
(/usr/local/texlive/2025/texmf-dist/tex/generic/pgfplots/pgfplotscoordprocessin
g.code.tex)
(/usr/local/texlive/2025/texmf-dist/tex/generic/pgfplots/pgfplots.errorbars.cod
e.tex)
(/usr/local/texlive/2025/texmf-dist/tex/generic/pgfplots/pgfplots.markers.code.
tex)
(/usr/local/texlive/2025/texmf-dist/tex/generic/pgfplots/pgfplotsticks.code.tex
)
(/usr/local/texlive/2025/texmf-dist/tex/generic/pgfplots/pgfplots.paths.code.te
x)
(/usr/local/texlive/2025/texmf-dist/tex/generic/pgf/frontendlayer/tikz/librarie
s/tikzlibrarydecorations.code.tex
(/usr/local/texlive/2025/texmf-dist/tex/generic/pgf/modules/pgfmoduledecoration
s.code.tex
\pgfdecoratedcompleteddistance=\dimen292
\pgfdecoratedremainingdistance=\dimen293
\pgfdecoratedinputsegmentcompleteddistance=\dimen294
\pgfdecoratedinputsegmentremainingdistance=\dimen295
\pgf@decorate@distancetomove=\dimen296
\pgf@decorate@repeatstate=\count354
\pgfdecorationsegmentamplitude=\dimen297
\pgfdecorationsegmentlength=\dimen298
)
\tikz@lib@dec@box=\box126
)
(/usr/local/texlive/2025/texmf-dist/tex/generic/pgf/frontendlayer/tikz/librarie
s/tikzlibrarydecorations.pathmorphing.code.tex
(/usr/local/texlive/2025/texmf-dist/tex/generic/pgf/libraries/decorations/pgfli
brarydecorations.pathmorphing.code.tex))
(/usr/local/texlive/2025/texmf-dist/tex/generic/pgf/frontendlayer/tikz/librarie
s/tikzlibrarydecorations.pathreplacing.code.tex
(/usr/local/texlive/2025/texmf-dist/tex/generic/pgf/libraries/decorations/pgfli
brarydecorations.pathreplacing.code.tex))
(/usr/local/texlive/2025/texmf-dist/tex/generic/pgfplots/libs/tikzlibrarypgfplo
ts.contourlua.code.tex)
\pgfplots@numplots=\count355
\pgfplots@xmin@reg=\dimen299
\pgfplots@xmax@reg=\dimen300
\pgfplots@ymin@reg=\dimen301
\pgfplots@ymax@reg=\dimen302
\pgfplots@zmin@reg=\dimen303
\pgfplots@zmax@reg=\dimen304
)
(/usr/local/texlive/2025/texmf-dist/tex/generic/pgf/frontendlayer/tikz/librarie
s/tikzlibraryplotmarks.code.tex
File: tikzlibraryplotmarks.code.tex 2023-01-15 v3.1.10 (3.1.10)

(/usr/local/texlive/2025/texmf-dist/tex/generic/pgf/libraries/pgflibraryplotmar
ks.code.tex
File: pgflibraryplotmarks.code.tex 2023-01-15 v3.1.10 (3.1.10)
))) (/usr/local/texlive/2025/texmf-dist/tex/generic/babel/babel.sty
Package: babel 2025/02/14 v25.4 The multilingual framework for pdfLaTeX, LuaLaT
eX and XeLaTeX
\babel@savecnt=\count356
\U@D=\dimen305
\l@unhyphenated=\language90

(/usr/local/texlive/2025/texmf-dist/tex/generic/babel/txtbabel.def)
\bbl@readstream=\read3
\bbl@dirlevel=\count357

(/usr/local/texlive/2025/texmf-dist/tex/generic/babel-english/UKenglish.ldf
Language: UKenglish 2017/06/06 v3.3r English support from the babel system

(/usr/local/texlive/2025/texmf-dist/tex/generic/babel-english/english.ldf
Language: english 2017/06/06 v3.3r English support from the babel system
Package babel Info: Hyphen rules for 'canadian' set to \l@english
(babel)             (\language0). Reported on input line 102.
Package babel Info: Hyphen rules for 'australian' set to \l@ukenglish
(babel)             (\language22). Reported on input line 105.
Package babel Info: Hyphen rules for 'newzealand' set to \l@ukenglish
(babel)             (\language22). Reported on input line 108.
)))
(/usr/local/texlive/2025/texmf-dist/tex/generic/babel/locale/en/babel-ukenglish
.tex
Package babel Info: Importing font and identification data for UKenglish
(babel)             from babel-en-GB.ini. Reported on input line 11.
) (/usr/local/texlive/2025/texmf-dist/tex/latex/acronym/acronym.sty
Package: acronym 2025/01/17 v1.50 Support for acronyms (Tobias Oetiker)

(/usr/local/texlive/2025/texmf-dist/tex/latex/bigfoot/suffix.sty
Package: suffix 2006/07/15 1.5a Variant command support
)
\AC@clearlist=\toks50
)
(/usr/local/texlive/2025/texmf-dist/tex/latex/multirow/multirow.sty
Package: multirow 2024/11/12 v2.9 Span multiple rows of a table
\multirow@colwidth=\skip108
\multirow@cntb=\count358
\multirow@dima=\skip109
\bigstrutjot=\dimen306
)
(/usr/local/texlive/2025/texmf-dist/tex/generic/pgf/frontendlayer/tikz/librarie
s/tikzlibraryshapes.code.tex
File: tikzlibraryshapes.code.tex 2023-01-15 v3.1.10 (3.1.10)

(/usr/local/texlive/2025/texmf-dist/tex/generic/pgf/frontendlayer/tikz/librarie
s/tikzlibraryshapes.geometric.code.tex
File: tikzlibraryshapes.geometric.code.tex 2023-01-15 v3.1.10 (3.1.10)

(/usr/local/texlive/2025/texmf-dist/tex/generic/pgf/libraries/shapes/pgflibrary
shapes.geometric.code.tex
File: pgflibraryshapes.geometric.code.tex 2023-01-15 v3.1.10 (3.1.10)
))
(/usr/local/texlive/2025/texmf-dist/tex/generic/pgf/frontendlayer/tikz/librarie
s/tikzlibraryshapes.misc.code.tex
File: tikzlibraryshapes.misc.code.tex 2023-01-15 v3.1.10 (3.1.10)

(/usr/local/texlive/2025/texmf-dist/tex/generic/pgf/libraries/shapes/pgflibrary
shapes.misc.code.tex
File: pgflibraryshapes.misc.code.tex 2023-01-15 v3.1.10 (3.1.10)
))
(/usr/local/texlive/2025/texmf-dist/tex/generic/pgf/frontendlayer/tikz/librarie
s/tikzlibraryshapes.callouts.code.tex
(/usr/local/texlive/2025/texmf-dist/tex/generic/pgf/libraries/shapes/pgflibrary
shapes.callouts.code.tex))
(/usr/local/texlive/2025/texmf-dist/tex/generic/pgf/frontendlayer/tikz/librarie
s/tikzlibraryshapes.multipart.code.tex
File: tikzlibraryshapes.multipart.code.tex 2023-01-15 v3.1.10 (3.1.10)

(/usr/local/texlive/2025/texmf-dist/tex/generic/pgf/libraries/shapes/pgflibrary
shapes.multipart.code.tex
File: pgflibraryshapes.multipart.code.tex 2023-01-15 v3.1.10 (3.1.10)
\pgfnodepartlowerbox=\box127
\pgfnodeparttwobox=\box128
\pgfnodepartthreebox=\box129
\pgfnodepartfourbox=\box130
\pgfnodeparttwentybox=\box131
\pgfnodepartnineteenbox=\box132
\pgfnodeparteighteenbox=\box133
\pgfnodepartseventeenbox=\box134
\pgfnodepartsixteenbox=\box135
\pgfnodepartfifteenbox=\box136
\pgfnodepartfourteenbox=\box137
\pgfnodepartthirteenbox=\box138
\pgfnodeparttwelvebox=\box139
\pgfnodepartelevenbox=\box140
\pgfnodeparttenbox=\box141
\pgfnodepartninebox=\box142
\pgfnodeparteightbox=\box143
\pgfnodepartsevenbox=\box144
\pgfnodepartsixbox=\box145
\pgfnodepartfivebox=\box146
)))
(/usr/local/texlive/2025/texmf-dist/tex/generic/pgf/frontendlayer/tikz/librarie
s/tikzlibraryarrows.code.tex
File: tikzlibraryarrows.code.tex 2023-01-15 v3.1.10 (3.1.10)

(/usr/local/texlive/2025/texmf-dist/tex/generic/pgf/libraries/pgflibraryarrows.
code.tex
File: pgflibraryarrows.code.tex 2023-01-15 v3.1.10 (3.1.10)
\arrowsize=\dimen307
))
(/usr/local/texlive/2025/texmf-dist/tex/generic/pgf/frontendlayer/tikz/librarie
s/tikzlibrarypositioning.code.tex
File: tikzlibrarypositioning.code.tex 2023-01-15 v3.1.10 (3.1.10)
)
(/usr/local/texlive/2025/texmf-dist/tex/generic/pgf/libraries/pgflibraryarrows.
meta.code.tex
File: pgflibraryarrows.meta.code.tex 2023-01-15 v3.1.10 (3.1.10)
\pgfarrowinset=\dimen308
\pgfarrowlength=\dimen309
\pgfarrowwidth=\dimen310
\pgfarrowlinewidth=\dimen311
)
(/usr/local/texlive/2025/texmf-dist/tex/generic/pgf/frontendlayer/tikz/librarie
s/tikzlibraryfit.code.tex
File: tikzlibraryfit.code.tex 2023-01-15 v3.1.10 (3.1.10)
)
(/usr/local/texlive/2025/texmf-dist/tex/latex/listings/listings.sty
\lst@mode=\count359
\lst@gtempboxa=\box147
\lst@token=\toks51
\lst@length=\count360
\lst@currlwidth=\dimen312
\lst@column=\count361
\lst@pos=\count362
\lst@lostspace=\dimen313
\lst@width=\dimen314
\lst@newlines=\count363
\lst@lineno=\count364
\lst@maxwidth=\dimen315

(/usr/local/texlive/2025/texmf-dist/tex/latex/listings/lstpatch.sty
File: lstpatch.sty 2024/09/23 1.10c (Carsten Heinz)
)
(/usr/local/texlive/2025/texmf-dist/tex/latex/listings/lstmisc.sty
File: lstmisc.sty 2024/09/23 1.10c (Carsten Heinz)
\c@lstnumber=\count365
\lst@skipnumbers=\count366
\lst@framebox=\box148
)
(/usr/local/texlive/2025/texmf-dist/tex/latex/listings/listings.cfg
File: listings.cfg 2024/09/23 1.10c listings configuration
))
Package: listings 2024/09/23 1.10c (Carsten Heinz)

(/usr/local/texlive/2025/texmf-dist/tex/latex/lipsum/lipsum.sty
(/usr/local/texlive/2025/texmf-dist/tex/latex/l3packages/l3keys2e/l3keys2e.sty
Package: l3keys2e 2024-08-16 LaTeX2e option processing using LaTeX3 keys
)
Package: lipsum 2021-09-20 v2.7 150 paragraphs of Lorem Ipsum dummy text
\g__lipsum_par_int=\count367
\l__lipsum_a_int=\count368
\l__lipsum_b_int=\count369
(/usr/local/texlive/2025/texmf-dist/tex/latex/lipsum/lipsum.ltd.tex))
(/usr/local/texlive/2025/texmf-dist/tex/latex/booktabs/booktabs.sty
Package: booktabs 2020/01/12 v1.61803398 Publication quality tables
\heavyrulewidth=\dimen316
\lightrulewidth=\dimen317
\cmidrulewidth=\dimen318
\belowrulesep=\dimen319
\belowbottomsep=\dimen320
\aboverulesep=\dimen321
\abovetopsep=\dimen322
\cmidrulesep=\dimen323
\cmidrulekern=\dimen324
\defaultaddspace=\dimen325
\@cmidla=\count370
\@cmidlb=\count371
\@aboverulesep=\dimen326
\@belowrulesep=\dimen327
\@thisruleclass=\count372
\@lastruleclass=\count373
\@thisrulewidth=\dimen328
)
(/usr/local/texlive/2025/texmf-dist/tex/latex/fancyvrb/fancyvrb.sty
Package: fancyvrb 2024/01/20 4.5c verbatim text (tvz,hv)
\FV@CodeLineNo=\count374
\FV@InFile=\read4
\FV@TabBox=\box149
\c@FancyVerbLine=\count375
\FV@StepNumber=\count376
\FV@OutFile=\write4
)
(/usr/local/texlive/2025/texmf-dist/tex/latex/tools/xspace.sty
Package: xspace 2014/10/28 v1.13 Space after command names (DPC,MH)
)
(/usr/local/texlive/2025/texmf-dist/tex/latex/units/units.sty
Package: units 1998/08/04 v0.9b Typesetting units

(/usr/local/texlive/2025/texmf-dist/tex/latex/units/nicefrac.sty
Package: nicefrac 1998/08/04 v0.9b Nice fractions
\L@UnitsRaiseDisplaystyle=\skip110
\L@UnitsRaiseTextstyle=\skip111
\L@UnitsRaiseScriptstyle=\skip112
))
(./imakeidx.sty
Package: imakeidx 2012/05/09 v1.1 Package for typesetting indices in a synchron
ous mode
)
\handbook@idxfile=\write5
\openout5 = `handbook.idx'.


Writing index file handbook.idx
\c@faqcount=\count377
\c@tfaqcount=\count378
(/usr/local/texlive/2025/texmf-dist/tex/latex/datetime2/datetime2.sty
Package: datetime2 2021/03/21 v1.5.7 (NLCT) date and time formats

(/usr/local/texlive/2025/texmf-dist/tex/latex/tracklang/tracklang.sty
Package: tracklang 2025/03/04 v1.6.5 (NLCT) Track Languages

(/usr/local/texlive/2025/texmf-dist/tex/generic/tracklang/tracklang.tex))
(/usr/local/texlive/2025/texmf-dist/tex/latex/datetime2-english/datetime2-en-GB
.ldf
File: datetime2-en-GB.ldf 2019/10/21 v1.05 (NLCT)

(/usr/local/texlive/2025/texmf-dist/tex/latex/datetime2-english/datetime2-engli
sh-base.ldf
File: datetime2-english-base.ldf 2019/10/21 v1.05 (NLCT)
))
(/usr/local/texlive/2025/texmf-dist/tex/latex/datetime2/datetime2-calc.sty
Package: datetime2-calc 2021/03/21 v1.5.7 (NLCT)

(/usr/local/texlive/2025/texmf-dist/tex/latex/pgf/utilities/pgfcalendar.sty
(/usr/local/texlive/2025/texmf-dist/tex/generic/pgf/utilities/pgfcalendar.code.
tex
File: pgfcalendar.code.tex 2023-01-15 v3.1.10 (3.1.10)
\pgfcalendarcurrentjulian=\count379
\pgf@cal@easter@Y=\count380
\pgf@cal@easter@G=\count381
\pgf@cal@easter@C=\count382
\pgf@cal@easter@X=\count383
\pgf@cal@easter@Z=\count384
\pgf@cal@easter@D=\count385
\pgf@cal@easter@E=\count386
\pgf@cal@easter@N=\count387
\pgf@cal@easter@M=\count388
\pgf@cal@easter@julianday=\count389
))
\@dtm@julianday=\count390
)) (./handbook.aux (./introduction.aux) (./study_guide.aux) (./tools.aux)
(./general_expectations.aux) (./project_management.aux)
(./software_engineering.aux) (./small_group_project.aux)
(./major_group_project.aux) (./team_charter_checklist.aux)
(./code_inspection_checklist.aux) (./unix_cli_reference.aux)
(./git_reference.aux))
\openout1 = `handbook.aux'.

LaTeX Font Info:    Checking defaults for OML/cmm/m/it on input line 335.
LaTeX Font Info:    ... okay on input line 335.
LaTeX Font Info:    Checking defaults for OMS/cmsy/m/n on input line 335.
LaTeX Font Info:    ... okay on input line 335.
LaTeX Font Info:    Checking defaults for OT1/cmr/m/n on input line 335.
LaTeX Font Info:    ... okay on input line 335.
LaTeX Font Info:    Checking defaults for T1/cmr/m/n on input line 335.
LaTeX Font Info:    ... okay on input line 335.
LaTeX Font Info:    Checking defaults for TS1/cmr/m/n on input line 335.
LaTeX Font Info:    ... okay on input line 335.
LaTeX Font Info:    Checking defaults for OMX/cmex/m/n on input line 335.
LaTeX Font Info:    ... okay on input line 335.
LaTeX Font Info:    Checking defaults for U/cmr/m/n on input line 335.
LaTeX Font Info:    ... okay on input line 335.
LaTeX Font Info:    Checking defaults for PD1/pdf/m/n on input line 335.
LaTeX Font Info:    ... okay on input line 335.
LaTeX Font Info:    Checking defaults for PU/pdf/m/n on input line 335.
LaTeX Font Info:    ... okay on input line 335.
Package hyperref Info: Link coloring ON on input line 335.
 (./handbook.out) (./handbook.out)
\@outlinefile=\write6
\openout6 = `handbook.out'.


*geometry* driver: auto-detecting
*geometry* detected driver: pdftex
*geometry* verbose mode - [ preamble ] result:
* driver: pdftex
* paper: a4paper
* layout: <same size as paper>
* layoutoffset:(h,v)=(0.0pt,0.0pt)
* modes: twoside 
* h-part:(L,W,R)=(70.56284pt, 304.44447pt, 222.50056pt)
* v-part:(T,H,B)=(77.96053pt, 686.0pt, 81.08632pt)
* \paperwidth=597.50787pt
* \paperheight=845.04684pt
* \textwidth=304.44447pt
* \textheight=686.0pt
* \oddsidemargin=-1.70715pt
* \evensidemargin=150.23058pt
* \topmargin=-36.30946pt
* \headheight=14.0pt
* \headsep=28.0pt
* \topskip=10.0pt
* \footskip=25.29494pt
* \marginparwidth=140.5566pt
* \marginparsep=23.33124pt
* \columnsep=10.0pt
* \skip\footins=9.0pt plus 4.0pt minus 2.0pt
* \hoffset=0.0pt
* \voffset=0.0pt
* \mag=1000
* \@twocolumnfalse
* \@twosidetrue
* \@mparswitchtrue
* \@reversemarginfalse
* (1in=72.27pt=25.4mm, 1cm=28.453pt)

\langwohyphens=\language91
(/usr/local/texlive/2025/texmf-dist/tex/context/base/mkii/supp-pdf.mkii
[Loading MPS to PDF converter (version 2006.09.02).]
\scratchcounter=\count391
\scratchdimen=\dimen329
\scratchbox=\box150
\nofMPsegments=\count392
\nofMParguments=\count393
\everyMPshowfont=\toks52
\MPscratchCnt=\count394
\MPscratchDim=\dimen330
\MPnumerator=\count395
\makeMPintoPDFobject=\count396
\everyMPtoPDFconversion=\toks53
) (/usr/local/texlive/2025/texmf-dist/tex/latex/epstopdf-pkg/epstopdf-base.sty
Package: epstopdf-base 2020-01-24 v2.11 Base part for package epstopdf
Package epstopdf-base Info: Redefining graphics rule for `.eps' on input line 4
85.

(/usr/local/texlive/2025/texmf-dist/tex/latex/latexconfig/epstopdf-sys.cfg
File: epstopdf-sys.cfg 2010/07/13 v1.3 Configuration of (r)epstopdf for TeX Liv
e
))
Package pgfplots notification 'compat/show suggested version=true': you might b
enefit from \pgfplotsset{compat=1.18} (current compat level: 1.9).

\c@lstlisting=\count397
LaTeX Font Info:    Trying to load font information for T1+phv on input line 34
2.
(/usr/local/texlive/2025/texmf-dist/tex/latex/psnfss/t1phv.fd
File: t1phv.fd 2020/03/25 scalable font definitions for T1/phv.
)
LaTeX Font Info:    Font shape `T1/phv/m/n' will be
(Font)              scaled to size 8.99994pt on input line 342.
LaTeX Font Info:    Font shape `T1/phv/m/n' will be
(Font)              scaled to size 16.19989pt on input line 342.
LaTeX Font Info:    Font shape `T1/phv/m/n' will be
(Font)              scaled to size 32.39978pt on input line 342.

Overfull \hbox (8.15456pt too wide) in paragraph at lines 342--342
[]\T1/phv/m/n/36/200ls SOFTWARE EN-GIN-EER- 
 []

LaTeX Font Info:    Font shape `T1/phv/m/n' will be
(Font)              scaled to size 12.59991pt on input line 342.


[1



{/usr/local/texlive/2025/texmf-var/fonts/map/pdftex/updmap/pdftex.map}{/usr/loc
al/texlive/2025/texmf-dist/fonts/enc/dvips/base/8r.enc}]
LaTeX Font Info:    Trying to load font information for TS1+pplj on input line 
380.

(/usr/local/texlive/2025/texmf-dist/tex/latex/psnfss/ts1pplj.fd
File: ts1pplj.fd 2004/09/06 font definitions for TS1/pplj.
)

[2

] (./handbook.toc

[3

]

[4]

[5]

[6])
\tf@toc=\write7
\openout7 = `handbook.toc'.



[7]

[8

]
\openout2 = `introduction.aux'.

 (./introduction.tex
Chapter 1.

LaTeX Warning: Marginpar on page 9 moved.

Package acronym Info: Label `acro:SEG' newly defined as it shall be overridden
although it is yet undefined on input line 7.

LaTeX Warning: Marginpar on page 9 moved.


LaTeX Warning: Marginpar on page 9 moved.



[9



]
Package acronym Info: Label `acro:FAQ' newly defined as it shall be overridden
although it is yet undefined on input line 31.


LaTeX Warning: Reference `ch:faq' on page 10 undefined on input line 31.

)

[10]
\openout2 = `study_guide.aux'.

 (./study_guide.tex
Chapter 2.

LaTeX Warning: Marginpar on page 11 moved.

LaTeX Font Info:    Trying to load font information for OT1+pplx on input line 
6.
(/usr/local/texlive/2025/texmf-dist/tex/latex/psnfss/ot1pplx.fd
File: ot1pplx.fd 2004/09/06 font definitions for OT1/pplx.
)
LaTeX Font Info:    Trying to load font information for OML+zplm on input line 
6.

(/usr/local/texlive/2025/texmf-dist/tex/latex/psnfss/omlzplm.fd
File: omlzplm.fd 2002/09/08 Fontinst v1.914 font definitions for OML/zplm.
)
LaTeX Font Info:    Trying to load font information for OMS+zplm on input line 
6.

(/usr/local/texlive/2025/texmf-dist/tex/latex/psnfss/omszplm.fd
File: omszplm.fd 2002/09/08 Fontinst v1.914 font definitions for OMS/zplm.
)
LaTeX Font Info:    Trying to load font information for OMX+zplm on input line 
6.

(/usr/local/texlive/2025/texmf-dist/tex/latex/psnfss/omxzplm.fd
File: omxzplm.fd 2002/09/08 Fontinst v1.914 font definitions for OMX/zplm.
)
LaTeX Font Info:    Trying to load font information for OT1+zplm on input line 
6.

(/usr/local/texlive/2025/texmf-dist/tex/latex/psnfss/ot1zplm.fd
File: ot1zplm.fd 2002/09/08 Fontinst v1.914 font definitions for OT1/zplm.
)

LaTeX Warning: Marginpar on page 11 moved.


LaTeX Warning: Marginpar on page 11 moved.


LaTeX Warning: Marginpar on page 11 moved.


LaTeX Warning: Marginpar on page 11 moved.

Package acronym Info: Label `acro:CLI' newly defined as it shall be overridden
although it is yet undefined on input line 20.

Underfull \vbox (badness 7814) has occurred while \output is active []



[11




]

LaTeX Warning: Marginpar on page 12 moved.


LaTeX Warning: Marginpar on page 12 moved.



[12]

LaTeX Warning: Marginpar on page 13 moved.


LaTeX Warning: Marginpar on page 13 moved.




(/usr/local/texlive/2025/texmf-dist/tex/generic/babel/locale/en/babel-ukenglish
.tex)
Package babel Info: Importing data for ukenglish
(babel)             from babel-en-GB.ini. Reported on input line 59.
 [13]
pdfTeX warning (ext4): destination with the same identifier (name{equation.2.1}
) has been already used, duplicate ignored
<to be read again> 
                   \relax 
l.59 \begin{equation}
                     
pdfTeX warning (ext4): destination with the same identifier (name{equation.2.1}
) has been already used, duplicate ignored
<to be read again> 
                   \relax 
l.59 \begin{equation}
                     
pdfTeX warning (ext4): destination with the same identifier (name{equation.2.1}
) has been already used, duplicate ignored
<to be read again> 
                   \relax 
l.59 \begin{equation}
                     
pdfTeX warning (ext4): destination with the same identifier (name{equation.2.1}
) has been already used, duplicate ignored
<to be read again> 
                   \relax 
l.59 \begin{equation}
                     

LaTeX Warning: Marginpar on page 14 moved.


LaTeX Warning: Marginpar on page 14 moved.


LaTeX Warning: Marginpar on page 14 moved.


pdfTeX warning (ext4): destination with the same identifier (name{equation.2.1}
) has been already used, duplicate ignored
<to be read again> 
                   \relax 
l.79 ...ex{major~mark~correction} \begin{equation}
                                                  
pdfTeX warning (ext4): destination with the same identifier (name{equation.2.1}
) has been already used, duplicate ignored
<to be read again> 
                   \relax 
l.79 ...ex{major~mark~correction} \begin{equation}
                                                  
pdfTeX warning (ext4): destination with the same identifier (name{equation.2.1}
) has been already used, duplicate ignored
<to be read again> 
                   \relax 
l.79 ...ex{major~mark~correction} \begin{equation}
                                                  
pdfTeX warning (ext4): destination with the same identifier (name{equation.2.1}
) has been already used, duplicate ignored
<to be read again> 
                   \relax 
l.79 ...ex{major~mark~correction} \begin{equation}
                                                  
pdfTeX warning (ext4): destination with the same identifier (name{equation.2.1}
) has been already used, duplicate ignored
<to be read again> 
                   \relax 
l.90 \begin{equation}
                     
pdfTeX warning (ext4): destination with the same identifier (name{equation.2.1}
) has been already used, duplicate ignored
<to be read again> 
                   \relax 
l.90 \begin{equation}
                     
pdfTeX warning (ext4): destination with the same identifier (name{equation.2.1}
) has been already used, duplicate ignored
<to be read again> 
                   \relax 
l.90 \begin{equation}
                     
pdfTeX warning (ext4): destination with the same identifier (name{equation.2.1}
) has been already used, duplicate ignored
<to be read again> 
                   \relax 
l.90 \begin{equation}
                     

[14]

LaTeX Warning: Marginpar on page 15 moved.


Overfull \hbox (5.1953pt too wide) in paragraph at lines 98--99
[]\T1/pplj/m/n/10 Both group pro-jects come with minor mark re-dis-tri-bu-tion 
schemes 
 []


LaTeX Warning: Marginpar on page 15 moved.


LaTeX Warning: Marginpar on page 15 moved.


LaTeX Warning: Marginpar on page 15 moved.


pdfTeX warning (ext4): destination with the same identifier (name{equation.2.1}
) has been already used, duplicate ignored
<to be read again> 
                   \relax 
l.108 \begin{equation}
                      
pdfTeX warning (ext4): destination with the same identifier (name{equation.2.1}
) has been already used, duplicate ignored
<to be read again> 
                   \relax 
l.108 \begin{equation}
                      
pdfTeX warning (ext4): destination with the same identifier (name{equation.2.1}
) has been already used, duplicate ignored
<to be read again> 
                   \relax 
l.108 \begin{equation}
                      
pdfTeX warning (ext4): destination with the same identifier (name{equation.2.1}
) has been already used, duplicate ignored
<to be read again> 
                   \relax 
l.108 \begin{equation}
                      

[15]

LaTeX Warning: Marginpar on page 16 moved.


LaTeX Warning: Marginpar on page 16 moved.

Package acronym Info: Label `acro:MCF' newly defined as it shall be overridden
although it is yet undefined on input line 122.


[16]

LaTeX Warning: Marginpar on page 17 moved.



[17]

LaTeX Warning: Marginpar on page 18 moved.



[18]

LaTeX Warning: Marginpar on page 19 moved.


Overfull \hbox (4.14526pt too wide) in paragraph at lines 183--186
[]\T1/pplj/m/n/10 Normally, you can dis-trib-ute your work evenly between Semes
ters 
 []



[19]

LaTeX Warning: Marginpar on page 20 moved.

LaTeX Font Info:    Trying to load font information for T1+ppl on input line 19
2.
(/usr/local/texlive/2025/texmf-dist/tex/latex/psnfss/t1ppl.fd
File: t1ppl.fd 2001/06/04 font definitions for T1/ppl.
)
Underfull \hbox (badness 10000) in paragraph at lines 201--201
[]\T1/ppl/m/n/10 Independent study (Py-thon/D-jango, de-vops,
 []


LaTeX Warning: Marginpar on page 20 moved.

)

[20]
\openout2 = `tools.aux'.

 (./tools.tex
Chapter 3.

LaTeX Warning: Marginpar on page 21 moved.

Package acronym Info: Label `acro:IDE' newly defined as it shall be overridden
although it is yet undefined on input line 9.

LaTeX Warning: Marginpar on page 21 moved.


Underfull \hbox (badness 10000) in paragraph at lines 23--24
[]\T1/ppl/m/n/10 Windows
 []


Underfull \hbox (badness 10000) in paragraph at lines 23--24
\T1/ppl/m/n/10 Sub-sys-tem for
 []


Underfull \hbox (badness 10000) in paragraph at lines 24--24
[]\T1/ppl/m/n/10 Lightweight code
 []


Underfull \hbox (badness 10000) in paragraph at lines 24--24
[]\T1/ppl/m/n/10 Sublime, Zed,
 []


Underfull \hbox (badness 10000) in paragraph at lines 24--24
\T1/ppl/m/n/10 GNU Emacs,
 []


Underfull \hbox (badness 10000) in paragraph at lines 24--24
\T1/ppl/m/n/10 Vim, Blue-fish,
 []


Underfull \hbox (badness 10000) in paragraph at lines 24--24
\T1/ppl/m/n/10 Visual Stu-
 []


Underfull \hbox (badness 10000) in paragraph at lines 24--24
\T1/ppl/m/n/10 dio Code (*),
 []


Underfull \hbox (badness 10000) in paragraph at lines 24--24
[]\T1/ppl/m/n/10 Sublime, Zed,
 []


Underfull \hbox (badness 10000) in paragraph at lines 24--24
\T1/ppl/m/n/10 GNU Emacs,
 []


Underfull \hbox (badness 10000) in paragraph at lines 24--24
\T1/ppl/m/n/10 Vim, Text-
 []


Underfull \hbox (badness 10000) in paragraph at lines 24--24
\T1/ppl/m/n/10 mate, Blue-fish,
 []


Underfull \hbox (badness 10000) in paragraph at lines 24--24
\T1/ppl/m/n/10 Visual Stu-
 []


Underfull \hbox (badness 10000) in paragraph at lines 24--24
\T1/ppl/m/n/10 dio Code (*),
 []


Underfull \hbox (badness 10000) in paragraph at lines 24--25
[]\T1/ppl/m/n/10 Sublime,
 []


Underfull \hbox (badness 10000) in paragraph at lines 24--25
\T1/ppl/m/n/10 Note-pad++,
 []


Underfull \hbox (badness 10000) in paragraph at lines 24--25
\T1/ppl/m/n/10 Visual Stu-
 []


Underfull \hbox (badness 10000) in paragraph at lines 24--25
\T1/ppl/m/n/10 dio Code,
 []


Underfull \hbox (badness 10000) in paragraph at lines 24--25
\T1/ppl/m/n/10 GNU Emacs,
 []


Underfull \hbox (badness 10000) in paragraph at lines 24--25
\T1/ppl/m/n/10 Vim, Blue-fish,
 []


Underfull \hbox (badness 10000) in paragraph at lines 24--25
\T1/ppl/m/n/10 Visual Stu-
 []


Underfull \hbox (badness 10000) in paragraph at lines 24--25
\T1/ppl/m/n/10 dio Code (*),
 []


Underfull \hbox (badness 10000) in paragraph at lines 25--25
[]\T1/ppl/m/n/10 Install with
 []


Underfull \hbox (badness 10000) in paragraph at lines 25--25
\T1/ppl/m/n/10 pack-age man-
 []


Underfull \hbox (badness 10000) in paragraph at lines 25--25
\T1/ppl/m/n/10 ager (apt,
 []


Underfull \hbox (badness 10000) in paragraph at lines 25--25
\T1/ppl/m/n/10 yum, dnf, ...)
 []


Underfull \hbox (badness 10000) in paragraph at lines 25--25
\T1/ppl/m/n/10 or from of-fi-
 []


Underfull \hbox (badness 10000) in paragraph at lines 25--25
[]\T1/ppl/m/n/10 Install with
 []


Underfull \hbox (badness 10000) in paragraph at lines 25--25
\T1/ppl/m/n/10 Py-thon's
 []


Underfull \hbox (badness 10000) in paragraph at lines 25--25
\T1/ppl/m/n/10 of-fi-cial in-
 []


Underfull \hbox (badness 10000) in paragraph at lines 25--25
\T1/ppl/m/n/10 staller or via
 []


Underfull \hbox (badness 10000) in paragraph at lines 25--26
[]\T1/ppl/m/n/10 Install with
 []


Underfull \hbox (badness 10000) in paragraph at lines 25--26
\T1/ppl/m/n/10 Py-thon's of-fi-
 []


Underfull \hbox (badness 10000) in paragraph at lines 26--26
[]\T1/ppl/m/n/10 Install with
 []


Underfull \hbox (badness 10000) in paragraph at lines 26--26
\T1/ppl/m/n/10 pack-age man-
 []


Underfull \hbox (badness 10000) in paragraph at lines 26--26
\T1/ppl/m/n/10 ager (apt,
 []


Underfull \hbox (badness 10000) in paragraph at lines 26--26
\T1/ppl/m/n/10 yum, dnf, ...)
 []


Underfull \hbox (badness 10000) in paragraph at lines 26--26
[]\T1/ppl/m/n/10 Install with
 []


Underfull \hbox (badness 10000) in paragraph at lines 26--26
\T1/ppl/m/n/10 XCode
 []


Underfull \hbox (badness 10000) in paragraph at lines 26--26
\T1/ppl/m/n/10 command-
 []


Underfull \hbox (badness 10000) in paragraph at lines 26--27
[]\T1/ppl/m/n/10 Download
 []


Underfull \hbox (badness 10000) in paragraph at lines 26--27
\T1/ppl/m/n/10 and in-stall
 []


Underfull \hbox (badness 10000) in paragraph at lines 26--27
\T1/ppl/m/n/10 from the Git
 []


Underfull \hbox (badness 10000) in paragraph at lines 27--27
[]\T1/ppl/m/n/10 Use any up-to-date ver-sion of a cur-
 []


Underfull \hbox (badness 10000) in paragraph at lines 28--28
[]\T1/ppl/m/n/10 Office 365 or a cal-en-dar of your
 []


Underfull \hbox (badness 10000) in paragraph at lines 30--30
[]\T1/ppl/m/n/10 Use your webbrowser and UNIX CLI
 []


Overfull \hbox (19.54723pt too wide) in paragraph at lines 19--37
 [][] 
 []



[21




]

LaTeX Warning: Marginpar on page 22 moved.


LaTeX Warning: Marginpar on page 22 moved.


LaTeX Warning: Marginpar on page 22 moved.


Underfull \vbox (badness 4013) has occurred while \output is active []



[22]

LaTeX Warning: Marginpar on page 23 moved.



[23]

LaTeX Warning: Marginpar on page 24 moved.


LaTeX Warning: Marginpar on page 24 moved.


LaTeX Warning: Marginpar on page 24 moved.


LaTeX Warning: Marginpar on page 24 moved.

LaTeX Font Info:    Trying to load font information for T1+fvm on input line 73
.
(/usr/local/texlive/2025/texmf-dist/tex/latex/bera/t1fvm.fd
File: t1fvm.fd 2004/09/07 scalable font definitions for T1/fvm.
)
LaTeX Font Info:    Font shape `T1/fvm/m/n' will be
(Font)              scaled to size 8.50006pt on input line 73.


LaTeX Warning: Marginpar on page 24 moved.



[24]

LaTeX Warning: Marginpar on page 25 moved.


LaTeX Warning: Marginpar on page 25 moved.



[25]

LaTeX Warning: Marginpar on page 26 moved.



[26]

LaTeX Warning: Marginpar on page 27 moved.



[27]

LaTeX Warning: Marginpar on page 28 moved.


LaTeX Warning: Marginpar on page 28 moved.


LaTeX Warning: Marginpar on page 28 moved.



[28]

LaTeX Warning: Marginpar on page 29 moved.


LaTeX Warning: Marginpar on page 29 moved.


LaTeX Warning: Marginpar on page 29 moved.


LaTeX Warning: Marginpar on page 29 moved.



[29]

LaTeX Warning: Marginpar on page 30 moved.


LaTeX Warning: Marginpar on page 30 moved.


LaTeX Warning: Marginpar on page 30 moved.



[30]

LaTeX Warning: Marginpar on page 31 moved.


LaTeX Warning: Marginpar on page 31 moved.


LaTeX Warning: Marginpar on page 31 moved.



[31]

LaTeX Warning: Marginpar on page 32 moved.


LaTeX Warning: Marginpar on page 32 moved.



[32]

[33]

LaTeX Warning: Marginpar on page 34 moved.


LaTeX Warning: Marginpar on page 34 moved.



[34]

LaTeX Warning: Marginpar on page 35 moved.


LaTeX Warning: Marginpar on page 35 moved.


LaTeX Warning: Marginpar on page 35 moved.



[35]

LaTeX Warning: Marginpar on page 36 moved.


LaTeX Warning: Marginpar on page 36 moved.


Overfull \hbox (17.47119pt too wide) in paragraph at lines 393--394
[]\T1/pplj/m/n/10 Overleaf is a web ap-plic-a-tion that al-lows you to edit L[]
T[]Xdocuments. 
 []



[36]

LaTeX Warning: Marginpar on page 37 moved.

)

[37]
\openout2 = `general_expectations.aux'.

 (./general_expectations.tex

[38




]
Chapter 4.

LaTeX Warning: Marginpar on page 39 moved.



[39]

LaTeX Warning: Marginpar on page 40 moved.



[40]

LaTeX Warning: Marginpar on page 41 moved.



[41]

LaTeX Warning: Marginpar on page 42 moved.


LaTeX Warning: Marginpar on page 42 moved.



[42]

LaTeX Warning: Marginpar on page 43 moved.


LaTeX Warning: Marginpar on page 43 moved.


LaTeX Warning: Marginpar on page 43 moved.



[43]

LaTeX Warning: Marginpar on page 44 moved.



[44])

[45]
\openout2 = `project_management.aux'.

 (./project_management.tex

[46




]
Chapter 5.

LaTeX Warning: Marginpar on page 47 moved.


LaTeX Warning: Marginpar on page 47 moved.



[47]

LaTeX Warning: Marginpar on page 48 moved.


Overfull \hbox (21.65671pt too wide) in paragraph at lines 32--32
|[]\T1/pplj/m/it/10.95 Building in-formal au-thor-ity through four found-a-tion
al be-ha-viours| 
 []


Underfull \vbox (badness 3482) has occurred while \output is active []



[48]

LaTeX Warning: Marginpar on page 49 moved.



[49]

LaTeX Warning: Marginpar on page 50 moved.



[50]

LaTeX Warning: Marginpar on page 51 moved.


Underfull \hbox (badness 10000) in paragraph at lines 98--101
[][]
 []


Underfull \hbox (badness 10000) in paragraph at lines 98--101

 []


LaTeX Warning: Marginpar on page 51 moved.



[51]

LaTeX Warning: Marginpar on page 52 moved.



[52]

LaTeX Warning: Marginpar on page 53 moved.


Overfull \hbox (10.83527pt too wide) in paragraph at lines 154--155
\T1/pplj/m/n/10 people to choose work that aligns with their in-terests and str
engths.  
 []



[53]

[54]

LaTeX Warning: Marginpar on page 55 moved.



[55]

LaTeX Warning: Marginpar on page 56 moved.



[56]

LaTeX Warning: Marginpar on page 57 moved.


LaTeX Warning: Marginpar on page 57 moved.



[57]

LaTeX Warning: Marginpar on page 58 moved.



[58]

[59]

LaTeX Warning: Marginpar on page 60 moved.



[60]

LaTeX Warning: Marginpar on page 61 moved.



[61]

LaTeX Warning: Marginpar on page 62 moved.



[62]

LaTeX Warning: Marginpar on page 63 moved.



[63])

[64]

[65]
\openout2 = `software_engineering.aux'.

 (./software_engineering.tex

[66




]
Chapter 6.

LaTeX Warning: Marginpar on page 67 moved.


LaTeX Warning: Marginpar on page 67 moved.


LaTeX Warning: Marginpar on page 67 moved.

(/usr/local/texlive/2025/texmf-dist/tex/latex/listings/lstlang1.sty
File: lstlang1.sty 2024/09/23 1.10c listings language file
)

[67]
LaTeX Font Info:    Font shape `T1/fvm/m/it' in size <10> not available
(Font)              Font shape `T1/fvm/m/sl' tried instead on input line 25.
LaTeX Font Info:    Font shape `T1/fvm/m/sl' will be
(Font)              scaled to size 8.50006pt on input line 25.


LaTeX Warning: Marginpar on page 68 moved.


LaTeX Warning: Marginpar on page 68 moved.


LaTeX Warning: Marginpar on page 68 moved.


LaTeX Warning: Marginpar on page 68 moved.



[68]

LaTeX Warning: Marginpar on page 69 moved.


LaTeX Warning: Marginpar on page 69 moved.


LaTeX Warning: Marginpar on page 69 moved.



[69]

LaTeX Warning: Marginpar on page 70 moved.


LaTeX Warning: Marginpar on page 70 moved.


LaTeX Warning: Marginpar on page 70 moved.


LaTeX Warning: Marginpar on page 70 moved.



[70]

LaTeX Warning: Marginpar on page 71 moved.


LaTeX Warning: Marginpar on page 71 moved.



[71]

LaTeX Warning: Marginpar on page 72 moved.


LaTeX Warning: Marginpar on page 72 moved.


LaTeX Warning: Marginpar on page 72 moved.


LaTeX Warning: Marginpar on page 72 moved.



[72]

LaTeX Warning: Marginpar on page 73 moved.


LaTeX Warning: Marginpar on page 73 moved.


LaTeX Warning: Marginpar on page 73 moved.



[73]

LaTeX Warning: Marginpar on page 74 moved.


LaTeX Warning: Marginpar on page 74 moved.


LaTeX Warning: Marginpar on page 74 moved.


LaTeX Warning: Marginpar on page 74 moved.



[74]

LaTeX Warning: Marginpar on page 75 moved.


LaTeX Warning: Marginpar on page 75 moved.



[75]

LaTeX Warning: Marginpar on page 76 moved.


LaTeX Warning: Marginpar on page 76 moved.


LaTeX Warning: Marginpar on page 76 moved.



[76]

LaTeX Warning: Marginpar on page 77 moved.


LaTeX Warning: Marginpar on page 77 moved.


Overfull \hbox (2.05515pt too wide) in paragraph at lines 441--443
[][][][][][][][][][][][][][][][][][][][][][] 
 []


LaTeX Warning: Marginpar on page 77 moved.



[77]

LaTeX Warning: Marginpar on page 78 moved.


LaTeX Warning: Marginpar on page 78 moved.



[78]

LaTeX Warning: Marginpar on page 79 moved.


LaTeX Warning: Marginpar on page 79 moved.



[79]

LaTeX Warning: Marginpar on page 80 moved.


LaTeX Warning: Marginpar on page 80 moved.


LaTeX Warning: Marginpar on page 80 moved.


Underfull \vbox (badness 4981) has occurred while \output is active []



[80]

LaTeX Warning: Marginpar on page 81 moved.


LaTeX Warning: Marginpar on page 81 moved.



[81]

LaTeX Warning: Marginpar on page 82 moved.


LaTeX Warning: Marginpar on page 82 moved.


LaTeX Warning: Marginpar on page 82 moved.


LaTeX Warning: Marginpar on page 82 moved.



[82]

LaTeX Warning: Marginpar on page 83 moved.


LaTeX Warning: Marginpar on page 83 moved.



[83]

LaTeX Warning: Marginpar on page 84 moved.


LaTeX Warning: Marginpar on page 84 moved.

)

[84]
\openout2 = `small_group_project.aux'.

 (./small_group_project.tex
Chapter 7.

LaTeX Warning: Marginpar on page 85 moved.


LaTeX Warning: Marginpar on page 85 moved.



[85




]
Package acronym Info: Label `acro:KIP' newly defined as it shall be overridden
although it is yet undefined on input line 17.


LaTeX Warning: Marginpar on page 86 moved.


LaTeX Warning: Marginpar on page 86 moved.



[86]

LaTeX Warning: Marginpar on page 87 moved.


LaTeX Warning: Marginpar on page 87 moved.

Package acronym Info: Label `acro:CRUD' newly defined as it shall be overridden

although it is yet undefined on input line 39.


[87]

LaTeX Warning: Marginpar on page 88 moved.



[88]

LaTeX Warning: Marginpar on page 89 moved.



[89]

[90]

LaTeX Warning: Marginpar on page 91 moved.



[91]

[92]

LaTeX Warning: Marginpar on page 93 moved.



[93]

LaTeX Warning: Marginpar on page 94 moved.


LaTeX Warning: Marginpar on page 94 moved.



[94]

LaTeX Warning: Marginpar on page 95 moved.


LaTeX Warning: Marginpar on page 95 moved.



[95]

LaTeX Warning: Marginpar on page 96 moved.

Package acronym Info: Label `acro:UI' newly defined as it shall be overridden
although it is yet undefined on input line 159.

LaTeX Warning: Marginpar on page 96 moved.


LaTeX Warning: Marginpar on page 96 moved.


LaTeX Warning: Marginpar on page 96 moved.

Package acronym Info: Label `acro:HTML' newly defined as it shall be overridden

although it is yet undefined on input line 172.
Package acronym Info: Label `acro:CSS' newly defined as it shall be overridden
although it is yet undefined on input line 172.


[96]

LaTeX Warning: Marginpar on page 97 moved.


LaTeX Warning: Marginpar on page 97 moved.



[97]

LaTeX Warning: Marginpar on page 98 moved.


LaTeX Warning: Marginpar on page 98 moved.


LaTeX Warning: Marginpar on page 98 moved.


LaTeX Warning: Marginpar on page 98 moved.



[98] (./small_group_project_team_marking_scheme.tex

LaTeX Warning: Marginpar on page 99 moved.


LaTeX Warning: Marginpar on page 99 moved.



[99]

LaTeX Warning: Marginpar on page 100 moved.


LaTeX Warning: Marginpar on page 100 moved.



[100]

[101]

LaTeX Warning: Marginpar on page 102 moved.



[102]

[103]

LaTeX Warning: Marginpar on page 104 moved.



[104])

LaTeX Warning: Marginpar on page 105 moved.


LaTeX Warning: Marginpar on page 105 moved.


LaTeX Warning: Marginpar on page 105 moved.



[105]
Underfull \hbox (badness 10000) in paragraph at lines 240--240
[]\T1/ppl/m/n/10 #Weeks of min-
 []


Underfull \hbox (badness 10000) in paragraph at lines 240--240
\T1/ppl/m/n/10 imum code con-tri-
 []


Underfull \hbox (badness 10000) in paragraph at lines 240--240
[]\T1/ppl/m/n/10 #Weeks of used
 []


Underfull \hbox (badness 10000) in paragraph at lines 240--240
\T1/ppl/m/n/10 min-imum code
 []


Underfull \hbox (badness 10000) in paragraph at lines 280--280
[]\T1/ppl/m/n/10 % of meet-ings where team mem-ber is
 []



[106]

LaTeX Warning: Marginpar on page 107 moved.


Underfull \hbox (badness 10000) in paragraph at lines 314--314
[]\T1/ppl/m/n/10 Peer as-sess-ment
 []


Underfull \hbox (badness 10000) in paragraph at lines 314--314
[]\T1/ppl/m/n/10 Code con-tri-bu-tion
 []


Underfull \hbox (badness 10000) in paragraph at lines 316--316
[]\T1/ppl/m/n/10 Above av-er-age
 []


Underfull \hbox (badness 10000) in paragraph at lines 316--316
\T1/ppl/m/n/10 by a sub-stan-tial
 []


Underfull \hbox (badness 10000) in paragraph at lines 316--317
[]\T1/ppl/m/n/10 +3, +4, or +5 de-pend-ing
 []


Underfull \hbox (badness 10000) in paragraph at lines 316--317
\T1/ppl/m/n/10 on the peer as-sess-ment
 []


Underfull \hbox (badness 10000) in paragraph at lines 317--317
[]\T1/ppl/m/n/10 Below av-er-age
 []


Underfull \hbox (badness 10000) in paragraph at lines 317--317
\T1/ppl/m/n/10 by a sub-stan-tial
 []


Underfull \hbox (badness 10000) in paragraph at lines 317--318
[]\T1/ppl/m/n/10 -3, -4, or -5 de-pend-ing on
 []


Underfull \hbox (badness 10000) in paragraph at lines 318--319
[]\T1/ppl/m/n/10 between -2 and -2 (in-
 []


Underfull \hbox (badness 10000) in paragraph at lines 318--319
\T1/ppl/m/n/10 clus-ive), as ne-ces-sary to
 []


Underfull \hbox (badness 10000) in paragraph at lines 318--319
\T1/ppl/m/n/10 en-sure the sum of the
 []


Overfull \hbox (16.08307pt too wide) in paragraph at lines 312--324
 [][] 
 []



[107]

LaTeX Warning: Marginpar on page 108 moved.

)

[108]

[109]
\openout2 = `major_group_project.aux'.

 (./major_group_project.tex

[110




]
Chapter 8.

LaTeX Warning: Marginpar on page 111 moved.


Underfull \vbox (badness 7814) has occurred while \output is active []



[111]

LaTeX Warning: Marginpar on page 112 moved.


LaTeX Warning: Marginpar on page 112 moved.



[112]

LaTeX Warning: Marginpar on page 113 moved.


LaTeX Warning: Marginpar on page 113 moved.



[113]

LaTeX Warning: Marginpar on page 114 moved.


LaTeX Warning: Marginpar on page 114 moved.


LaTeX Warning: Marginpar on page 114 moved.



[114]

[115]

LaTeX Warning: Marginpar on page 116 moved.



[116]

LaTeX Warning: Marginpar on page 117 moved.


LaTeX Warning: Marginpar on page 117 moved.


LaTeX Warning: Marginpar on page 117 moved.


LaTeX Warning: Marginpar on page 117 moved.


LaTeX Warning: Marginpar on page 117 moved.



[117]

[118]

LaTeX Warning: Marginpar on page 119 moved.

(./major_group_project_team_marking_scheme.tex

LaTeX Warning: Marginpar on page 119 moved.



[119]

LaTeX Warning: Marginpar on page 120 moved.


Overfull \hbox (15.55533pt too wide) in paragraph at lines 14--15
[]\T1/pplj/m/it/10 Design/critical \T1/pplj/m/n/10 (1 marks): The source code i
n-cludes presentation- 
 []



[120]

LaTeX Warning: Marginpar on page 121 moved.



[121]

LaTeX Warning: Marginpar on page 122 moved.



[122]

LaTeX Warning: Marginpar on page 123 moved.



[123]

[124]

LaTeX Warning: Marginpar on page 125 moved.

)

[125]

LaTeX Warning: Marginpar on page 126 moved.


Underfull \hbox (badness 10000) in paragraph at lines 134--134
[]\T1/ppl/m/n/10 #Weeks of min-
 []


Underfull \hbox (badness 10000) in paragraph at lines 134--134
[]\T1/ppl/m/n/10 #Weeks of used
 []


Underfull \hbox (badness 10000) in paragraph at lines 134--134
\T1/ppl/m/n/10 min-imum con-tri-
 []


Underfull \hbox (badness 10000) in paragraph at lines 194--194
[]\T1/ppl/m/n/10 % of meet-ings where team mem-ber is
 []


LaTeX Warning: Marginpar on page 126 moved.


LaTeX Warning: Marginpar on page 126 moved.



[126])

[127]

[128]
\openout2 = `team_charter_checklist.aux'.

 (./team_charter_checklist.tex
Appendix A.

LaTeX Warning: Marginpar on page 129 moved.



[129




]
Overfull \hbox (3.58539pt too wide) in paragraph at lines 46--47
[]\T1/pplj/m/n/10 How will we track tasks? (e.g. Kan-ban board, meet-ing minute
s, 
 []

Package acronym Info: Label `acro:mcf' newly defined as it shall be overridden
although it is yet undefined on input line 57.

Package acronym Warning: Acronym mcf is not defined on input line 57.


Package acronym Warning: Acronym mcf is not defined on input line 57.



[130])

[131]
\openout2 = `code_inspection_checklist.aux'.

 (./code_inspection_checklist.tex

[132




]
Appendix B.

LaTeX Warning: Marginpar on page 133 moved.



[133]

[134])

[135]
\openout2 = `unix_cli_reference.aux'.

 (./unix_cli_reference.tex

[136




]
Appendix C.

Overfull \hbox (26.7109pt too wide) in paragraph at lines 1--1
|\T1/pplj/m/it/20.74 UNIX Com-mand Line Quick Ref-er-ence| 
 []



[137])

[138]
\openout2 = `git_reference.aux'.

 (./git_reference.tex
Appendix D.


[139




])

[140]
*geometry* verbose mode - [ newgeometry ] result:
* driver: pdftex
* paper: a4paper
* layout: <same size as paper>
* layoutoffset:(h,v)=(0.0pt,0.0pt)
* modes: includehead twoside 
* h-part:(L,W,R)=(71.70166pt, 418.25368pt, 107.55254pt)
* v-part:(T,H,B)=(101.40665pt, 591.5302pt, 152.11pt)
* \paperwidth=597.50787pt
* \paperheight=845.04684pt
* \textwidth=418.25368pt
* \textheight=549.5302pt
* \oddsidemargin=-0.56833pt
* \evensidemargin=35.28255pt
* \topmargin=29.13666pt
* \headheight=14.0pt
* \headsep=28.0pt
* \topskip=10.0pt
* \footskip=25.29494pt
* \marginparwidth=0.0pt
* \marginparsep=0.0pt
* \columnsep=10.0pt
* \skip\footins=9.0pt plus 4.0pt minus 2.0pt
* \hoffset=0.0pt
* \voffset=0.0pt
* \mag=1000
* \@twocolumnfalse
* \@twosidetrue
* \@mparswitchtrue
* \@reversemarginfalse
* (1in=72.27pt=25.4mm, 1cm=28.453pt)

 (./handbook.bbl)

[141





]

[142

]

[143]

[144]

[145]

[146]

[147]

[148]

[149]

[150]

[151]

[152

]

LaTeX Warning: Hyper reference `acro:DRY' on page 153 undefined on input line 5
08.


LaTeX Warning: Hyper reference `acro:DRY' on page 153 undefined on input line 5
08.


LaTeX Warning: Hyper reference `acro:WYSIWYG' on page 153 undefined on input li
ne 516.


LaTeX Warning: Hyper reference `acro:WYSIWYG' on page 153 undefined on input li
ne 516.



[153]

[154

]
runsystem(makeindex handbook.idx)...executed safely (allowed).

 (./handbook.ind [155

] [156])

[157] (./handbook.aux (./introduction.aux) (./study_guide.aux) (./tools.aux)
(./general_expectations.aux) (./project_management.aux)
(./software_engineering.aux) (./small_group_project.aux)
(./major_group_project.aux) (./team_charter_checklist.aux)
(./code_inspection_checklist.aux) (./unix_cli_reference.aux)
(./git_reference.aux))
 ***********
LaTeX2e <2024-11-01> patch level 2
L3 programming layer <2025-01-18>
 ***********


LaTeX Warning: There were undefined references.

Package rerunfilecheck Info: File `handbook.out' has not changed.
(rerunfilecheck)             Checksum: 11C775442AE468F9640D97C3120C52D3;10185.
 ) 
Here is how much of TeX's memory you used:
 48882 strings out of 473190
 1087024 string characters out of 5715801
 1899891 words of memory out of 5000000
 69855 multiletter control sequences out of 15000+600000
 667478 words of font info for 174 fonts, out of 8000000 for 9000
 1141 hyphenation exceptions out of 8191
 117i,21n,121p,1266b,2669s stack positions out of 10000i,1000n,20000p,200000b,200000s
</usr/local/texlive/2025/texmf-dist/fonts/type1/public/amsfonts/cm/cmr10.pfb>
</usr/local/texlive/2025/texmf-dist/fonts/type1/public/amsfonts/cm/cmsy10.pfb><
/usr/local/texlive/2025/texmf-dist/fonts/type1/public/fpl/fplbj8a.pfb></usr/loc
al/texlive/2025/texmf-dist/fonts/type1/public/mathpazo/fplmr.pfb></usr/local/te
xlive/2025/texmf-dist/fonts/type1/public/fpl/fplrc8a.pfb></usr/local/texlive/20
25/texmf-dist/fonts/type1/public/fpl/fplrij8a.pfb></usr/local/texlive/2025/texm
f-dist/fonts/type1/public/bera/fvmr8a.pfb></usr/local/texlive/2025/texmf-dist/f
onts/type1/public/bera/fvmro8a.pfb></usr/local/texlive/2025/texmf-dist/fonts/ty
pe1/urw/helvetic/uhvr8a.pfb></usr/local/texlive/2025/texmf-dist/fonts/type1/urw
/palatino/uplb8a.pfb></usr/local/texlive/2025/texmf-dist/fonts/type1/urw/palati
no/uplbi8a.pfb></usr/local/texlive/2025/texmf-dist/fonts/type1/urw/palatino/upl
r8a.pfb></usr/local/texlive/2025/texmf-dist/fonts/type1/urw/palatino/uplri8a.pf
b>
Output written on handbook.pdf (157 pages, 509699 bytes).
PDF statistics:
 3143 PDF objects out of 3580 (max. 8388607)
 2773 compressed objects within 28 object streams
 1278 named destinations out of 1440 (max. 500000)
 4279 words of extra memory for PDF output out of 10000 (max. 10000000)

